This is pdfTeX, Version 3.14159265-2.6-1.40.21 (MiKTeX 2.9.7380 64-bit) (preloaded format=pdflatex 2020.3.25)  25 MAR 2020 22:12
entering extended mode
**./Notebook_Submission.tex
(Notebook_Submission.tex
LaTeX2e <2020-02-02> patch level 5
L3 programming layer <2020-03-06> ("C:\Users\wolfg\AppData\Local\Programs\MiKTe
X 2.9\tex/latex/base\article.cls"
Document Class: article 2019/12/20 v1.4l Standard LaTeX document class
("C:\Users\wolfg\AppData\Local\Programs\MiKTeX 2.9\tex/latex/base\size10.clo"
File: size10.clo 2019/12/20 v1.4l Standard LaTeX file (size option)
)
\c@part=\count167
\c@section=\count168
\c@subsection=\count169
\c@subsubsection=\count170
\c@paragraph=\count171
\c@subparagraph=\count172
\c@figure=\count173
\c@table=\count174
\abovecaptionskip=\skip47
\belowcaptionskip=\skip48
\bibindent=\dimen134
) ("C:\Users\wolfg\AppData\Local\Programs\MiKTeX 2.9\tex/latex/lm\lmodern.sty"
Package: lmodern 2009/10/30 v1.6 Latin Modern Fonts
LaTeX Font Info:    Overwriting symbol font `operators' in version `normal'
(Font)                  OT1/cmr/m/n --> OT1/lmr/m/n on input line 22.
LaTeX Font Info:    Overwriting symbol font `letters' in version `normal'
(Font)                  OML/cmm/m/it --> OML/lmm/m/it on input line 23.
LaTeX Font Info:    Overwriting symbol font `symbols' in version `normal'
(Font)                  OMS/cmsy/m/n --> OMS/lmsy/m/n on input line 24.
LaTeX Font Info:    Overwriting symbol font `largesymbols' in version `normal'
(Font)                  OMX/cmex/m/n --> OMX/lmex/m/n on input line 25.
LaTeX Font Info:    Overwriting symbol font `operators' in version `bold'
(Font)                  OT1/cmr/bx/n --> OT1/lmr/bx/n on input line 26.
LaTeX Font Info:    Overwriting symbol font `letters' in version `bold'
(Font)                  OML/cmm/b/it --> OML/lmm/b/it on input line 27.
LaTeX Font Info:    Overwriting symbol font `symbols' in version `bold'
(Font)                  OMS/cmsy/b/n --> OMS/lmsy/b/n on input line 28.
LaTeX Font Info:    Overwriting symbol font `largesymbols' in version `bold'
(Font)                  OMX/cmex/m/n --> OMX/lmex/m/n on input line 29.
LaTeX Font Info:    Overwriting math alphabet `\mathbf' in version `normal'
(Font)                  OT1/cmr/bx/n --> OT1/lmr/bx/n on input line 31.
LaTeX Font Info:    Overwriting math alphabet `\mathsf' in version `normal'
(Font)                  OT1/cmss/m/n --> OT1/lmss/m/n on input line 32.
LaTeX Font Info:    Overwriting math alphabet `\mathit' in version `normal'
(Font)                  OT1/cmr/m/it --> OT1/lmr/m/it on input line 33.
LaTeX Font Info:    Overwriting math alphabet `\mathtt' in version `normal'
(Font)                  OT1/cmtt/m/n --> OT1/lmtt/m/n on input line 34.
LaTeX Font Info:    Overwriting math alphabet `\mathbf' in version `bold'
(Font)                  OT1/cmr/bx/n --> OT1/lmr/bx/n on input line 35.
LaTeX Font Info:    Overwriting math alphabet `\mathsf' in version `bold'
(Font)                  OT1/cmss/bx/n --> OT1/lmss/bx/n on input line 36.
LaTeX Font Info:    Overwriting math alphabet `\mathit' in version `bold'
(Font)                  OT1/cmr/bx/it --> OT1/lmr/bx/it on input line 37.
LaTeX Font Info:    Overwriting math alphabet `\mathtt' in version `bold'
(Font)                  OT1/cmtt/m/n --> OT1/lmtt/m/n on input line 38.
)
("C:\Users\wolfg\AppData\Local\Programs\MiKTeX 2.9\tex/latex/amsfonts\amssymb.s
ty"
Package: amssymb 2013/01/14 v3.01 AMS font symbols

("C:\Users\wolfg\AppData\Local\Programs\MiKTeX 2.9\tex/latex/amsfonts\amsfonts.
sty"
Package: amsfonts 2013/01/14 v3.01 Basic AMSFonts support
\@emptytoks=\toks15
\symAMSa=\mathgroup4
\symAMSb=\mathgroup5
LaTeX Font Info:    Redeclaring math symbol \hbar on input line 98.
LaTeX Font Info:    Overwriting math alphabet `\mathfrak' in version `bold'
(Font)                  U/euf/m/n --> U/euf/b/n on input line 106.
))
("C:\Users\wolfg\AppData\Local\Programs\MiKTeX 2.9\tex/latex/amsmath\amsmath.st
y"
Package: amsmath 2020/01/20 v2.17e AMS math features
\@mathmargin=\skip49
For additional information on amsmath, use the `?' option.

("C:\Users\wolfg\AppData\Local\Programs\MiKTeX 2.9\tex/latex/amsmath\amstext.st
y"
Package: amstext 2000/06/29 v2.01 AMS text
("C:\Users\wolfg\AppData\Local\Programs\MiKTeX 2.9\tex/latex/amsmath\amsgen.sty
"
File: amsgen.sty 1999/11/30 v2.0 generic functions
\@emptytoks=\toks16
\ex@=\dimen135
)) ("C:\Users\wolfg\AppData\Local\Programs\MiKTeX 2.9\tex/latex/amsmath\amsbsy.
sty"
Package: amsbsy 1999/11/29 v1.2d Bold Symbols
\pmbraise@=\dimen136
) ("C:\Users\wolfg\AppData\Local\Programs\MiKTeX 2.9\tex/latex/amsmath\amsopn.s
ty"
Package: amsopn 2016/03/08 v2.02 operator names
)
\inf@bad=\count175
LaTeX Info: Redefining \frac on input line 227.
\uproot@=\count176
\leftroot@=\count177
LaTeX Info: Redefining \overline on input line 389.
\classnum@=\count178
\DOTSCASE@=\count179
LaTeX Info: Redefining \ldots on input line 486.
LaTeX Info: Redefining \dots on input line 489.
LaTeX Info: Redefining \cdots on input line 610.
\Mathstrutbox@=\box45
\strutbox@=\box46
\big@size=\dimen137
LaTeX Font Info:    Redeclaring font encoding OML on input line 733.
LaTeX Font Info:    Redeclaring font encoding OMS on input line 734.
\macc@depth=\count180
\c@MaxMatrixCols=\count181
\dotsspace@=\muskip16
\c@parentequation=\count182
\dspbrk@lvl=\count183
\tag@help=\toks17
\row@=\count184
\column@=\count185
\maxfields@=\count186
\andhelp@=\toks18
\eqnshift@=\dimen138
\alignsep@=\dimen139
\tagshift@=\dimen140
\tagwidth@=\dimen141
\totwidth@=\dimen142
\lineht@=\dimen143
\@envbody=\toks19
\multlinegap=\skip50
\multlinetaggap=\skip51
\mathdisplay@stack=\toks20
LaTeX Info: Redefining \[ on input line 2859.
LaTeX Info: Redefining \] on input line 2860.
)
("C:\Users\wolfg\AppData\Local\Programs\MiKTeX 2.9\tex/generic/iftex\ifxetex.st
y"
Package: ifxetex 2019/10/25 v0.7 ifxetex legacy package. Use iftex instead.
("C:\Users\wolfg\AppData\Local\Programs\MiKTeX 2.9\tex/generic/iftex\iftex.sty"
Package: iftex 2020/03/06 v1.0d TeX engine tests
))
("C:\Users\wolfg\AppData\Local\Programs\MiKTeX 2.9\tex/generic/iftex\ifluatex.s
ty"
Package: ifluatex 2019/10/25 v1.5 ifluatex legacy package. Use iftex instead.
) ("C:\Users\wolfg\AppData\Local\Programs\MiKTeX 2.9\tex/latex/base\fontenc.sty
"
Package: fontenc 2020/02/11 v2.0o Standard LaTeX package
LaTeX Font Info:    Trying to load font information for T1+lmr on input line 11
2.
("C:\Users\wolfg\AppData\Local\Programs\MiKTeX 2.9\tex/latex/lm\t1lmr.fd"
File: t1lmr.fd 2009/10/30 v1.6 Font defs for Latin Modern
)) ("C:\Users\wolfg\AppData\Local\Programs\MiKTeX 2.9\tex/latex/base\inputenc.s
ty"
Package: inputenc 2018/08/11 v1.3c Input encoding file
\inpenc@prehook=\toks21
\inpenc@posthook=\toks22
) ("C:\Users\wolfg\AppData\Local\Programs\MiKTeX 2.9\tex/latex/base\textcomp.st
y"
Package: textcomp 2020/02/02 v2.0n Standard LaTeX package
) (C:\Users\wolfg\AppData\Roaming\MiKTeX\2.9\tex/latex/upquote\upquote.sty
Package: upquote 2012/04/19 v1.3 upright-quote and grave-accent glyphs in verba
tim
) (C:\Users\wolfg\AppData\Roaming\MiKTeX\2.9\tex/latex/microtype\microtype.sty
Package: microtype 2019/11/18 v2.7d Micro-typographical refinements (RS)

("C:\Users\wolfg\AppData\Local\Programs\MiKTeX 2.9\tex/latex/graphics\keyval.st
y"
Package: keyval 2014/10/28 v1.15 key=value parser (DPC)
\KV@toks@=\toks23
)
\MT@toks=\toks24
\MT@count=\count187
LaTeX Info: Redefining \textls on input line 790.
\MT@outer@kern=\dimen144
LaTeX Info: Redefining \textmicrotypecontext on input line 1354.
\MT@listname@count=\count188

(C:\Users\wolfg\AppData\Roaming\MiKTeX\2.9\tex/latex/microtype\microtype-pdftex
.def
File: microtype-pdftex.def 2019/11/18 v2.7d Definitions specific to pdftex (RS)

LaTeX Info: Redefining \lsstyle on input line 914.
LaTeX Info: Redefining \lslig on input line 914.
\MT@outer@space=\skip52
)
Package microtype Info: Loading configuration file microtype.cfg.
(C:\Users\wolfg\AppData\Roaming\MiKTeX\2.9\tex/latex/microtype\microtype.cfg
File: microtype.cfg 2019/11/18 v2.7d microtype main configuration file (RS)
)) (C:\Users\wolfg\AppData\Roaming\MiKTeX\2.9\tex/latex/parskip\parskip.sty
Package: parskip 2020-01-22 v2.0d non-zero parskip adjustments
(C:\Users\wolfg\AppData\Roaming\MiKTeX\2.9\tex/latex/kvoptions\kvoptions.sty
Package: kvoptions 2019/11/29 v3.13 Key value format for package options (HO)
(C:\Users\wolfg\AppData\Roaming\MiKTeX\2.9\tex/generic/ltxcmds\ltxcmds.sty
Package: ltxcmds 2019/12/15 v1.24 LaTeX kernel commands for general use (HO)
) (C:\Users\wolfg\AppData\Roaming\MiKTeX\2.9\tex/generic/kvsetkeys\kvsetkeys.st
y
Package: kvsetkeys 2019/12/15 v1.18 Key value parser (HO)
))
("C:\Users\wolfg\AppData\Local\Programs\MiKTeX 2.9\tex/latex/etoolbox\etoolbox.
sty"
Package: etoolbox 2019/09/21 v2.5h e-TeX tools for LaTeX (JAW)
\etb@tempcnta=\count189
)) ("C:\Users\wolfg\AppData\Local\Programs\MiKTeX 2.9\tex/latex/xcolor\xcolor.s
ty"
Package: xcolor 2016/05/11 v2.12 LaTeX color extensions (UK)

("C:\Users\wolfg\AppData\Local\Programs\MiKTeX 2.9\tex/latex/graphics-cfg\color
.cfg"
File: color.cfg 2016/01/02 v1.6 sample color configuration
)
Package xcolor Info: Driver file: pdftex.def on input line 225.

("C:\Users\wolfg\AppData\Local\Programs\MiKTeX 2.9\tex/latex/graphics-def\pdfte
x.def"
File: pdftex.def 2018/01/08 v1.0l Graphics/color driver for pdftex
)
Package xcolor Info: Model `cmy' substituted by `cmy0' on input line 1348.
Package xcolor Info: Model `hsb' substituted by `rgb' on input line 1352.
Package xcolor Info: Model `RGB' extended on input line 1364.
Package xcolor Info: Model `HTML' substituted by `rgb' on input line 1366.
Package xcolor Info: Model `Hsb' substituted by `hsb' on input line 1367.
Package xcolor Info: Model `tHsb' substituted by `hsb' on input line 1368.
Package xcolor Info: Model `HSB' substituted by `hsb' on input line 1369.
Package xcolor Info: Model `Gray' substituted by `gray' on input line 1370.
Package xcolor Info: Model `wave' substituted by `hsb' on input line 1371.
) (C:\Users\wolfg\AppData\Roaming\MiKTeX\2.9\tex/latex/xurl\xurl.sty
Package: xurl 2020/01/24 v 0.09 modify URL breaks
("C:\Users\wolfg\AppData\Local\Programs\MiKTeX 2.9\tex/latex/url\url.sty"
\Urlmuskip=\muskip17
Package: url 2013/09/16  ver 3.4  Verb mode for urls, etc.
)) (C:\Users\wolfg\AppData\Roaming\MiKTeX\2.9\tex/latex/bookmark\bookmark.sty
Package: bookmark 2019/12/03 v1.28 PDF bookmarks (HO)

("C:\Users\wolfg\AppData\Local\Programs\MiKTeX 2.9\tex/latex/hyperref\hyperref.
sty"
Package: hyperref 2020/01/14 v7.00d Hypertext links for LaTeX

("C:\Users\wolfg\AppData\Local\Programs\MiKTeX 2.9\tex/latex/pdftexcmds\pdftexc
mds.sty"
Package: pdftexcmds 2019/11/24 v0.31 Utility functions of pdfTeX for LuaTeX (HO
)
(C:\Users\wolfg\AppData\Roaming\MiKTeX\2.9\tex/generic/infwarerr\infwarerr.sty
Package: infwarerr 2019/12/03 v1.5 Providing info/warning/error messages (HO)
)
Package pdftexcmds Info: \pdf@primitive is available.
Package pdftexcmds Info: \pdf@ifprimitive is available.
Package pdftexcmds Info: \pdfdraftmode found.
)
(C:\Users\wolfg\AppData\Roaming\MiKTeX\2.9\tex/generic/kvdefinekeys\kvdefinekey
s.sty
Package: kvdefinekeys 2019-12-19 v1.6 Define keys (HO)
) (C:\Users\wolfg\AppData\Roaming\MiKTeX\2.9\tex/generic/pdfescape\pdfescape.st
y
Package: pdfescape 2019/12/09 v1.15 Implements pdfTeX's escape features (HO)
) (C:\Users\wolfg\AppData\Roaming\MiKTeX\2.9\tex/latex/hycolor\hycolor.sty
Package: hycolor 2020-01-27 v1.10 Color options for hyperref/bookmark (HO)
)
(C:\Users\wolfg\AppData\Roaming\MiKTeX\2.9\tex/latex/letltxmacro\letltxmacro.st
y
Package: letltxmacro 2019/12/03 v1.6 Let assignment for LaTeX macros (HO)
) (C:\Users\wolfg\AppData\Roaming\MiKTeX\2.9\tex/latex/auxhook\auxhook.sty
Package: auxhook 2019-12-17 v1.6 Hooks for auxiliary files (HO)
)
\@linkdim=\dimen145
\Hy@linkcounter=\count190
\Hy@pagecounter=\count191

("C:\Users\wolfg\AppData\Local\Programs\MiKTeX 2.9\tex/latex/hyperref\pd1enc.de
f"
File: pd1enc.def 2020/01/14 v7.00d Hyperref: PDFDocEncoding definition (HO)
Now handling font encoding PD1 ...
... no UTF-8 mapping file for font encoding PD1
) (C:\Users\wolfg\AppData\Roaming\MiKTeX\2.9\tex/generic/intcalc\intcalc.sty
Package: intcalc 2019/12/15 v1.3 Expandable calculations with integers (HO)
) (C:\Users\wolfg\AppData\Roaming\MiKTeX\2.9\tex/generic/etexcmds\etexcmds.sty
Package: etexcmds 2019/12/15 v1.7 Avoid name clashes with e-TeX commands (HO)
)
\Hy@SavedSpaceFactor=\count192
Package hyperref Info: Option `unicode' set `true' on input line 4421.
("C:\Users\wolfg\AppData\Local\Programs\MiKTeX 2.9\tex/latex/hyperref\puenc.def
"
File: puenc.def 2020/01/14 v7.00d Hyperref: PDF Unicode definition (HO)
Now handling font encoding PU ...
... no UTF-8 mapping file for font encoding PU
)
Package hyperref Info: Hyper figures OFF on input line 4547.
Package hyperref Info: Link nesting OFF on input line 4552.
Package hyperref Info: Hyper index ON on input line 4555.
Package hyperref Info: Plain pages OFF on input line 4562.
Package hyperref Info: Backreferencing OFF on input line 4567.
Package hyperref Info: Implicit mode ON; LaTeX internals redefined.
Package hyperref Info: Bookmarks ON on input line 4800.
\c@Hy@tempcnt=\count193
LaTeX Info: Redefining \url on input line 5159.
\XeTeXLinkMargin=\dimen146
(C:\Users\wolfg\AppData\Roaming\MiKTeX\2.9\tex/generic/bitset\bitset.sty
Package: bitset 2019/12/09 v1.3 Handle bit-vector datatype (HO)

(C:\Users\wolfg\AppData\Roaming\MiKTeX\2.9\tex/generic/bigintcalc\bigintcalc.st
y
Package: bigintcalc 2019/12/15 v1.5 Expandable calculations on big integers (HO
)
))
\Fld@menulength=\count194
\Field@Width=\dimen147
\Fld@charsize=\dimen148
Package hyperref Info: Hyper figures OFF on input line 6430.
Package hyperref Info: Link nesting OFF on input line 6435.
Package hyperref Info: Hyper index ON on input line 6438.
Package hyperref Info: backreferencing OFF on input line 6445.
Package hyperref Info: Link coloring OFF on input line 6450.
Package hyperref Info: Link coloring with OCG OFF on input line 6455.
Package hyperref Info: PDF/A mode OFF on input line 6460.
LaTeX Info: Redefining \ref on input line 6500.
LaTeX Info: Redefining \pageref on input line 6504.
(C:\Users\wolfg\AppData\Roaming\MiKTeX\2.9\tex/generic/atbegshi\atbegshi.sty
Package: atbegshi 2019/12/05 v1.19 At begin shipout hook (HO)
)
\Hy@abspage=\count195
\c@Item=\count196
\c@Hfootnote=\count197
)
Package hyperref Info: Driver (autodetected): hpdftex.

("C:\Users\wolfg\AppData\Local\Programs\MiKTeX 2.9\tex/latex/hyperref\hpdftex.d
ef"
File: hpdftex.def 2020/01/14 v7.00d Hyperref driver for pdfTeX
(C:\Users\wolfg\AppData\Roaming\MiKTeX\2.9\tex/latex/atveryend\atveryend.sty
Package: atveryend 2019-12-11 v1.11 Hooks at the very end of document (HO)
)
\Fld@listcount=\count198
\c@bookmark@seq@number=\count199

(C:\Users\wolfg\AppData\Roaming\MiKTeX\2.9\tex/latex/rerunfilecheck\rerunfilech
eck.sty
Package: rerunfilecheck 2019/12/05 v1.9 Rerun checks for auxiliary files (HO)

(C:\Users\wolfg\AppData\Roaming\MiKTeX\2.9\tex/generic/uniquecounter\uniquecoun
ter.sty
Package: uniquecounter 2019/12/15 v1.4 Provide unlimited unique counter (HO)
)
Package uniquecounter Info: New unique counter `rerunfilecheck' on input line 2
86.
)
\Hy@SectionHShift=\skip53
) (C:\Users\wolfg\AppData\Roaming\MiKTeX\2.9\tex/latex/bookmark\bkm-pdftex.def
File: bkm-pdftex.def 2019/12/03 v1.28 bookmark driver for pdfTeX (HO)
\BKM@id=\count266
)) (C:\Users\wolfg\AppData\Roaming\MiKTeX\2.9\tex/latex/geometry\geometry.sty
Package: geometry 2020/01/02 v5.9 Page Geometry
("C:\Users\wolfg\AppData\Local\Programs\MiKTeX 2.9\tex/generic/iftex\ifvtex.sty
"
Package: ifvtex 2019/10/25 v1.7 ifvtex legacy package. Use iftex instead.
)
\Gm@cnth=\count267
\Gm@cntv=\count268
\c@Gm@tempcnt=\count269
\Gm@bindingoffset=\dimen149
\Gm@wd@mp=\dimen150
\Gm@odd@mp=\dimen151
\Gm@even@mp=\dimen152
\Gm@layoutwidth=\dimen153
\Gm@layoutheight=\dimen154
\Gm@layouthoffset=\dimen155
\Gm@layoutvoffset=\dimen156
\Gm@dimlist=\toks25
(C:\Users\wolfg\AppData\Roaming\MiKTeX\2.9\tex/latex/geometry\geometry.cfg)) (C
:\Users\wolfg\AppData\Roaming\MiKTeX\2.9\tex/latex/fancyvrb\fancyvrb.sty
Package: fancyvrb 2020/01/13 v3.5 verbatim text (tvz,hv)
\FV@CodeLineNo=\count270
\FV@InFile=\read2
\FV@TabBox=\box47
\c@FancyVerbLine=\count271
\FV@StepNumber=\count272
\FV@OutFile=\write3
) (C:\Users\wolfg\AppData\Roaming\MiKTeX\2.9\tex/latex/framed\framed.sty
Package: framed 2011/10/22 v 0.96: framed or shaded text with page breaks
\OuterFrameSep=\skip54
\fb@frw=\dimen157
\fb@frh=\dimen158
\FrameRule=\dimen159
\FrameSep=\dimen160
)
("C:\Users\wolfg\AppData\Local\Programs\MiKTeX 2.9\tex/latex/graphics\graphicx.
sty"
Package: graphicx 2019/11/30 v1.2a Enhanced LaTeX Graphics (DPC,SPQR)

("C:\Users\wolfg\AppData\Local\Programs\MiKTeX 2.9\tex/latex/graphics\graphics.
sty"
Package: graphics 2019/11/30 v1.4a Standard LaTeX Graphics (DPC,SPQR)
("C:\Users\wolfg\AppData\Local\Programs\MiKTeX 2.9\tex/latex/graphics\trig.sty"
Package: trig 2016/01/03 v1.10 sin cos tan (DPC)
)
("C:\Users\wolfg\AppData\Local\Programs\MiKTeX 2.9\tex/latex/graphics-cfg\graph
ics.cfg"
File: graphics.cfg 2016/06/04 v1.11 sample graphics configuration
)
Package graphics Info: Driver file: pdftex.def on input line 105.
)
\Gin@req@height=\dimen161
\Gin@req@width=\dimen162
) (C:\Users\wolfg\AppData\Roaming\MiKTeX\2.9\tex/latex/grffile\grffile.sty
Package: grffile 2019/11/11 v2.1 Extended file name support for graphics (legac
y)
Package grffile Info: This package is an empty stub for compatibility on input 
line 40.
) (C:\Users\wolfg\AppData\Roaming\MiKTeX\2.9\tex/latex/booktabs\booktabs.sty
Package: booktabs 2020/01/12 v1.61803398 Publication quality tables
\heavyrulewidth=\dimen163
\lightrulewidth=\dimen164
\cmidrulewidth=\dimen165
\belowrulesep=\dimen166
\belowbottomsep=\dimen167
\aboverulesep=\dimen168
\abovetopsep=\dimen169
\cmidrulesep=\dimen170
\cmidrulekern=\dimen171
\defaultaddspace=\dimen172
\@cmidla=\count273
\@cmidlb=\count274
\@aboverulesep=\dimen173
\@belowrulesep=\dimen174
\@thisruleclass=\count275
\@lastruleclass=\count276
\@thisrulewidth=\dimen175
)
("C:\Users\wolfg\AppData\Local\Programs\MiKTeX 2.9\tex/latex/tools\longtable.st
y"
Package: longtable 2020/01/07 v4.13 Multi-page Table package (DPC)
\LTleft=\skip55
\LTright=\skip56
\LTpre=\skip57
\LTpost=\skip58
\LTchunksize=\count277
\LTcapwidth=\dimen176
\LT@head=\box48
\LT@firsthead=\box49
\LT@foot=\box50
\LT@lastfoot=\box51
\LT@cols=\count278
\LT@rows=\count279
\c@LT@tables=\count280
\c@LT@chunks=\count281
\LT@p@ftn=\toks26
) ("C:\Users\wolfg\AppData\Local\Programs\MiKTeX 2.9\tex/latex/tools\array.sty"
Package: array 2019/08/31 v2.4l Tabular extension package (FMi)
\col@sep=\dimen177
\ar@mcellbox=\box52
\extrarowheight=\dimen178
\NC@list=\toks27
\extratabsurround=\skip59
\backup@length=\skip60
\ar@cellbox=\box53
) (C:\Users\wolfg\AppData\Roaming\MiKTeX\2.9\tex/latex/multirow\multirow.sty
Package: multirow 2019/05/31 v2.5 Span multiple rows of a table
\multirow@colwidth=\skip61
\multirow@cntb=\count282
\multirow@dima=\skip62
\bigstrutjot=\dimen179
) (C:\Users\wolfg\AppData\Roaming\MiKTeX\2.9\tex/latex/wrapfig\wrapfig.sty
\wrapoverhang=\dimen180
\WF@size=\dimen181
\c@WF@wrappedlines=\count283
\WF@box=\box54
\WF@everypar=\toks28
Package: wrapfig 2003/01/31  v 3.6
) (C:\Users\wolfg\AppData\Roaming\MiKTeX\2.9\tex/latex/float\float.sty
Package: float 2001/11/08 v1.3d Float enhancements (AL)
\c@float@type=\count284
\float@exts=\toks29
\float@box=\box55
\@float@everytoks=\toks30
\@floatcapt=\box56
) (C:\Users\wolfg\AppData\Roaming\MiKTeX\2.9\tex/latex/colortbl\colortbl.sty
Package: colortbl 2020/01/04 v1.0e Color table columns (DPC)
\everycr=\toks31
\minrowclearance=\skip63
) (C:\Users\wolfg\AppData\Roaming\MiKTeX\2.9\tex/latex/pdflscape\pdflscape.sty
Package: pdflscape 2019/12/05 v0.12 Display of landscape pages in PDF (HO)

("C:\Users\wolfg\AppData\Local\Programs\MiKTeX 2.9\tex/latex/graphics\lscape.st
y"
Package: lscape 2000/10/22 v3.01 Landscape Pages (DPC)
)
Package pdflscape Info: Auto-detected driver: pdftex on input line 81.
) (C:\Users\wolfg\AppData\Roaming\MiKTeX\2.9\tex/latex/tabu\tabu.sty
Package: tabu 2019/01/11 v2.9 - flexible LaTeX tabulars (FC+tabu-fixed)
(C:\Users\wolfg\AppData\Roaming\MiKTeX\2.9\tex/latex/varwidth\varwidth.sty
Package: varwidth 2009/03/30 ver 0.92;  Variable-width minipages
\@vwid@box=\box57
\sift@deathcycles=\count285
\@vwid@loff=\dimen182
\@vwid@roff=\dimen183
)
\c@taburow=\count286
\tabu@nbcols=\count287
\tabu@cnt=\count288
\tabu@Xcol=\count289
\tabu@alloc=\count290
\tabu@nested=\count291
\tabu@target=\dimen184
\tabu@spreadtarget=\dimen185
\tabu@naturalX=\dimen186
\tabucolX=\dimen187
\tabu@Xsum=\dimen188
\extrarowdepth=\dimen189
\abovetabulinesep=\dimen190
\belowtabulinesep=\dimen191
\tabustrutrule=\dimen192
\tabu@thebody=\toks32
\tabu@footnotes=\toks33
\tabu@box=\box58
\tabu@arstrutbox=\box59
\tabu@hleads=\box60
\tabu@vleads=\box61
\tabu@cellskip=\skip64
)
(C:\Users\wolfg\AppData\Roaming\MiKTeX\2.9\tex/latex/threeparttable\threepartta
ble.sty
Package: threeparttable 2003/06/13  v 3.0
\@tempboxb=\box62
)
(C:\Users\wolfg\AppData\Roaming\MiKTeX\2.9\tex/latex/threeparttablex\threepartt
ablex.sty
Package: threeparttablex 2013/07/23 v0.3 by daleif

("C:\Users\wolfg\AppData\Local\Programs\MiKTeX 2.9\tex/latex/environ\environ.st
y"
Package: environ 2014/05/04 v0.3 A new way to define environments

("C:\Users\wolfg\AppData\Local\Programs\MiKTeX 2.9\tex/latex/trimspaces\trimspa
ces.sty"
Package: trimspaces 2009/09/17 v1.1 Trim spaces around a token list
))
\TPTL@width=\skip65
) (C:\Users\wolfg\AppData\Roaming\MiKTeX\2.9\tex/latex/ulem\ulem.sty
\UL@box=\box63
\UL@hyphenbox=\box64
\UL@skip=\skip66
\UL@hook=\toks34
\UL@height=\dimen193
\UL@pe=\count292
\UL@pixel=\dimen194
\ULC@box=\box65
Package: ulem 2019/11/18
\ULdepth=\dimen195
) (C:\Users\wolfg\AppData\Roaming\MiKTeX\2.9\tex/latex/makecell\makecell.sty
Package: makecell 2009/08/03 V0.1e Managing of Tab Column Heads and Cells
\rotheadsize=\dimen196
\c@nlinenum=\count293
\TeXr@lab=\toks35
)
("C:\Users\wolfg\AppData\Local\Programs\MiKTeX 2.9\tex/latex/l3backend\l3backen
d-pdfmode.def"
File: l3backend-pdfmode.def 2020-03-12 L3 backend support: PDF mode
\l__kernel_color_stack_int=\count294
\l__pdf_internal_box=\box66
)
No file Notebook_Submission.aux.
\openout1 = `Notebook_Submission.aux'.

LaTeX Font Info:    Checking defaults for OML/cmm/m/it on input line 120.
LaTeX Font Info:    ... okay on input line 120.
LaTeX Font Info:    Checking defaults for OMS/cmsy/m/n on input line 120.
LaTeX Font Info:    ... okay on input line 120.
LaTeX Font Info:    Checking defaults for OT1/cmr/m/n on input line 120.
LaTeX Font Info:    ... okay on input line 120.
LaTeX Font Info:    Checking defaults for T1/cmr/m/n on input line 120.
LaTeX Font Info:    ... okay on input line 120.
LaTeX Font Info:    Checking defaults for TS1/cmr/m/n on input line 120.
LaTeX Font Info:    ... okay on input line 120.
LaTeX Font Info:    Checking defaults for OMX/cmex/m/n on input line 120.
LaTeX Font Info:    ... okay on input line 120.
LaTeX Font Info:    Checking defaults for U/cmr/m/n on input line 120.
LaTeX Font Info:    ... okay on input line 120.
LaTeX Font Info:    Checking defaults for PD1/pdf/m/n on input line 120.
LaTeX Font Info:    ... okay on input line 120.
LaTeX Font Info:    Checking defaults for PU/pdf/m/n on input line 120.
LaTeX Font Info:    ... okay on input line 120.
LaTeX Info: Redefining \microtypecontext on input line 120.
Package microtype Info: Generating PDF output.
Package microtype Info: Character protrusion enabled (level 2).
Package microtype Info: Using protrusion set `basicmath'.
Package microtype Info: Automatic font expansion enabled (level 2),
(microtype)             stretch: 20, shrink: 20, step: 1, non-selected.
Package microtype Info: Using default expansion set `basictext'.
LaTeX Info: Redefining \showhyphens on input line 120.
Package microtype Info: No adjustment of tracking.
Package microtype Info: No adjustment of interword spacing.
Package microtype Info: No adjustment of character kerning.
(C:\Users\wolfg\AppData\Roaming\MiKTeX\2.9\tex/latex/microtype\mt-cmr.cfg
File: mt-cmr.cfg 2013/05/19 v2.2 microtype config. file: Computer Modern Roman 
(RS)
)
("C:\Users\wolfg\AppData\Local\Programs\MiKTeX 2.9\tex/context/base/mkii\supp-p
df.mkii"
[Loading MPS to PDF converter (version 2006.09.02).]
\scratchcounter=\count295
\scratchdimen=\dimen197
\scratchbox=\box67
\nofMPsegments=\count296
\nofMParguments=\count297
\everyMPshowfont=\toks36
\MPscratchCnt=\count298
\MPscratchDim=\dimen198
\MPnumerator=\count299
\makeMPintoPDFobject=\count300
\everyMPtoPDFconversion=\toks37
)
("C:\Users\wolfg\AppData\Local\Programs\MiKTeX 2.9\tex/latex/epstopdf-pkg\epsto
pdf-base.sty"
Package: epstopdf-base 2020-01-24 v2.11 Base part for package epstopdf
Package epstopdf-base Info: Redefining graphics rule for `.eps' on input line 4
85.
)
\AtBeginShipoutBox=\box68
Package hyperref Info: Link coloring OFF on input line 120.

("C:\Users\wolfg\AppData\Local\Programs\MiKTeX 2.9\tex/latex/hyperref\nameref.s
ty"
Package: nameref 2019/09/16 v2.46 Cross-referencing by name of section
(C:\Users\wolfg\AppData\Roaming\MiKTeX\2.9\tex/latex/refcount\refcount.sty
Package: refcount 2019/12/15 v3.6 Data extraction from label references (HO)
)
(C:\Users\wolfg\AppData\Roaming\MiKTeX\2.9\tex/generic/gettitlestring\gettitles
tring.sty
Package: gettitlestring 2019/12/15 v1.6 Cleanup title references (HO)
)
\c@section@level=\count301
)
LaTeX Info: Redefining \ref on input line 120.
LaTeX Info: Redefining \pageref on input line 120.
LaTeX Info: Redefining \nameref on input line 120.
*geometry* driver: auto-detecting
*geometry* detected driver: pdftex
*geometry* verbose mode - [ preamble ] result:
* driver: pdftex
* paper: <default>
* layout: <same size as paper>
* layoutoffset:(h,v)=(0.0pt,0.0pt)
* modes: 
* h-part:(L,W,R)=(72.26999pt, 469.75502pt, 72.26999pt)
* v-part:(T,H,B)=(72.26999pt, 650.43001pt, 72.26999pt)
* \paperwidth=614.295pt
* \paperheight=794.96999pt
* \textwidth=469.75502pt
* \textheight=650.43001pt
* \oddsidemargin=0.0pt
* \evensidemargin=0.0pt
* \topmargin=-37.0pt
* \headheight=12.0pt
* \headsep=25.0pt
* \topskip=10.0pt
* \footskip=30.0pt
* \marginparwidth=65.0pt
* \marginparsep=11.0pt
* \columnsep=10.0pt
* \skip\footins=9.0pt plus 4.0pt minus 2.0pt
* \hoffset=0.0pt
* \voffset=0.0pt
* \mag=1000
* \@twocolumnfalse
* \@twosidefalse
* \@mparswitchfalse
* \@reversemarginfalse
* (1in=72.27pt=25.4mm, 1cm=28.453pt)

LaTeX Font Info:    Trying to load font information for OT1+lmr on input line 1
22.
("C:\Users\wolfg\AppData\Local\Programs\MiKTeX 2.9\tex/latex/lm\ot1lmr.fd"
File: ot1lmr.fd 2009/10/30 v1.6 Font defs for Latin Modern
)
LaTeX Font Info:    Trying to load font information for OML+lmm on input line 1
22.
("C:\Users\wolfg\AppData\Local\Programs\MiKTeX 2.9\tex/latex/lm\omllmm.fd"
File: omllmm.fd 2009/10/30 v1.6 Font defs for Latin Modern
)
LaTeX Font Info:    Trying to load font information for OMS+lmsy on input line 
122.
("C:\Users\wolfg\AppData\Local\Programs\MiKTeX 2.9\tex/latex/lm\omslmsy.fd"
File: omslmsy.fd 2009/10/30 v1.6 Font defs for Latin Modern
)
LaTeX Font Info:    Trying to load font information for OMX+lmex on input line 
122.
("C:\Users\wolfg\AppData\Local\Programs\MiKTeX 2.9\tex/latex/lm\omxlmex.fd"
File: omxlmex.fd 2009/10/30 v1.6 Font defs for Latin Modern
)
LaTeX Font Info:    External font `lmex10' loaded for size
(Font)              <12> on input line 122.
LaTeX Font Info:    External font `lmex10' loaded for size
(Font)              <8> on input line 122.
LaTeX Font Info:    External font `lmex10' loaded for size
(Font)              <6> on input line 122.
LaTeX Font Info:    Trying to load font information for U+msa on input line 122
.
("C:\Users\wolfg\AppData\Local\Programs\MiKTeX 2.9\tex/latex/amsfonts\umsa.fd"
File: umsa.fd 2013/01/14 v3.01 AMS symbols A
) (C:\Users\wolfg\AppData\Roaming\MiKTeX\2.9\tex/latex/microtype\mt-msa.cfg
File: mt-msa.cfg 2006/02/04 v1.1 microtype config. file: AMS symbols (a) (RS)
)
LaTeX Font Info:    Trying to load font information for U+msb on input line 122
.
("C:\Users\wolfg\AppData\Local\Programs\MiKTeX 2.9\tex/latex/amsfonts\umsb.fd"
File: umsb.fd 2013/01/14 v3.01 AMS symbols B
) (C:\Users\wolfg\AppData\Roaming\MiKTeX\2.9\tex/latex/microtype\mt-msb.cfg
File: mt-msb.cfg 2005/06/01 v1.0 microtype config. file: AMS symbols (b) (RS)
)
LaTeX Font Info:    Trying to load font information for T1+lmtt on input line 1
24.
("C:\Users\wolfg\AppData\Local\Programs\MiKTeX 2.9\tex/latex/lm\t1lmtt.fd"
File: t1lmtt.fd 2009/10/30 v1.6 Font defs for Latin Modern
)
LaTeX Font Info:    Font shape `T1/lmtt/bx/n' in size <10> not available
(Font)              Font shape `T1/lmtt/b/n' tried instead on input line 129.
LaTeX Font Info:    Trying to load font information for TS1+lmtt on input line 
169.
("C:\Users\wolfg\AppData\Local\Programs\MiKTeX 2.9\tex/latex/lm\ts1lmtt.fd"
File: ts1lmtt.fd 2009/10/30 v1.6 Font defs for Latin Modern
) [1

{C:/Users/wolfg/AppData/Local/MiKTeX/2.9/pdftex/config/pdftex.map}]
<Notebook_Submission_files/figure-latex/unnamed-chunk-2-1.pdf, id=14, 469.755pt
 x 325.215pt>
File: Notebook_Submission_files/figure-latex/unnamed-chunk-2-1.pdf Graphic file
 (type pdf)
<use Notebook_Submission_files/figure-latex/unnamed-chunk-2-1.pdf>
Package pdftex.def Info: Notebook_Submission_files/figure-latex/unnamed-chunk-2
-1.pdf  used on input line 207.
(pdftex.def)             Requested size: 469.75386pt x 325.2142pt.

Underfull \vbox (badness 7344) detected at line 226
 []

[2 <./Notebook_Submission_files/figure-latex/unnamed-chunk-2-1.pdf>]
<Notebook_Submission_files/figure-latex/unnamed-chunk-3-1.pdf, id=25, 469.755pt
 x 325.215pt>
File: Notebook_Submission_files/figure-latex/unnamed-chunk-3-1.pdf Graphic file
 (type pdf)
<use Notebook_Submission_files/figure-latex/unnamed-chunk-3-1.pdf>
Package pdftex.def Info: Notebook_Submission_files/figure-latex/unnamed-chunk-3
-1.pdf  used on input line 228.
(pdftex.def)             Requested size: 469.75386pt x 325.2142pt.

Underfull \vbox (badness 2368) detected at line 257
 []

[3 <./Notebook_Submission_files/figure-latex/unnamed-chunk-3-1.pdf>]
Overfull \hbox (55.24345pt too wide) in paragraph at lines 353--353
[]\T1/lmtt/m/n/10 ##   Artist_Popularity  is approximately normally distributed
! 0.0579112990955349 0.0970071428571429[] 
 []

[4] [5]
<Notebook_Submission_files/figure-latex/unnamed-chunk-5-1.pdf, id=45, 469.755pt
 x 325.215pt>
File: Notebook_Submission_files/figure-latex/unnamed-chunk-5-1.pdf Graphic file
 (type pdf)
<use Notebook_Submission_files/figure-latex/unnamed-chunk-5-1.pdf>
Package pdftex.def Info: Notebook_Submission_files/figure-latex/unnamed-chunk-5
-1.pdf  used on input line 585.
(pdftex.def)             Requested size: 469.75386pt x 325.2142pt.
[6]
<Notebook_Submission_files/figure-latex/unnamed-chunk-6-1.pdf, id=50, 469.755pt
 x 325.215pt>
File: Notebook_Submission_files/figure-latex/unnamed-chunk-6-1.pdf Graphic file
 (type pdf)
<use Notebook_Submission_files/figure-latex/unnamed-chunk-6-1.pdf>
Package pdftex.def Info: Notebook_Submission_files/figure-latex/unnamed-chunk-6
-1.pdf  used on input line 606.
(pdftex.def)             Requested size: 469.75386pt x 325.2142pt.
[7 <./Notebook_Submission_files/figure-latex/unnamed-chunk-5-1.pdf>] [8 <./Note
book_Submission_files/figure-latex/unnamed-chunk-6-1.pdf>]
Overfull \hbox (55.24345pt too wide) in paragraph at lines 727--727
[]\T1/lmtt/m/n/10 ##   Artist_Popularity  is approximately normally distributed
! 0.0579112990955349 0.0970071428571429[] 
 []

[9] [10] [11] [12]
Underfull \vbox (badness 10000) detected at line 1161
 []


Underfull \vbox (badness 10000) detected at line 1161
 []

[13]
Overfull \hbox (102.49332pt too wide) in paragraph at lines 1211--1211
[]\T1/lmtt/m/n/10 ## Transformed  Artist_Follower  is approximately normally di
stributed! 0.0485813205231013 0.0970071428571429[] 
 []

[14]
Overfull \hbox (107.7433pt too wide) in paragraph at lines 1220--1220
[]\T1/lmtt/m/n/10 ## Transformed  Artist_Popularity  is approximately normally 
distributed! 0.047962859540898 0.0970071428571429[] 
 []


Overfull \hbox (133.99323pt too wide) in paragraph at lines 1229--1229
[]\T1/lmtt/m/n/10 ## Transformed  Artist_Singles_Number  is approximately norma
lly distributed! 0.0639302516161726 0.0970071428571429[] 
 []


Overfull \hbox (170.74312pt too wide) in paragraph at lines 1238--1238
[]\T1/lmtt/m/n/10 ## Transformed  Artist_Singles_Tracks_Number  is approximatel
y normally distributed! 0.0334178939616578 0.0970071428571429[] 
 []


Overfull \hbox (133.99323pt too wide) in paragraph at lines 1247--1247
[]\T1/lmtt/m/n/10 ## Transformed  Track_Duration_ms  is not approximately norma
lly distributed. 0.0998436682047523 0.0970071428571429[] 
 []


Overfull \hbox (123.49326pt too wide) in paragraph at lines 1256--1256
[]\T1/lmtt/m/n/10 ## Transformed  Track_Popularity  is not approximately normal
ly distributed. 0.108864892250361 0.0970071428571429[] 
 []


Overfull \hbox (102.49332pt too wide) in paragraph at lines 1265--1265
[]\T1/lmtt/m/n/10 ## Transformed  acousticness  is not approximately normally d
istributed. 0.108064790247887 0.0970071428571429[] 
 []


Overfull \hbox (102.49332pt too wide) in paragraph at lines 1274--1274
[]\T1/lmtt/m/n/10 ## Transformed  danceability  is not approximately normally d
istributed. 0.113440523942993 0.0970071428571429[] 
 []


Overfull \hbox (70.99341pt too wide) in paragraph at lines 1283--1283
[]\T1/lmtt/m/n/10 ## Transformed  energy  is not approximately normally distrib
uted. 0.114310681616891 0.0970071428571429[] 
 []


Overfull \hbox (123.49326pt too wide) in paragraph at lines 1292--1292
[]\T1/lmtt/m/n/10 ## Transformed  instrumentalness  is not approximately normal
ly distributed. 0.285896259482658 0.0970071428571429[] 
 []


Overfull \hbox (81.49338pt too wide) in paragraph at lines 1301--1301
[]\T1/lmtt/m/n/10 ## Transformed  liveness  is not approximately normally distr
ibuted. 0.103366239896501 0.0970071428571429[] 
 []


Overfull \hbox (65.74342pt too wide) in paragraph at lines 1310--1310
[]\T1/lmtt/m/n/10 ## Transformed  loudness  is approximately normally distribut
ed! 0.0958614307678946 0.0970071428571429[] 
 []


Overfull \hbox (81.49338pt too wide) in paragraph at lines 1319--1319
[]\T1/lmtt/m/n/10 ## Transformed  speechiness  is approximately normally distri
buted! 0.0660473903454177 0.0970071428571429[] 
 []


Overfull \hbox (49.99347pt too wide) in paragraph at lines 1328--1328
[]\T1/lmtt/m/n/10 ## Transformed  tempo  is approximately normally distributed!
 0.0841680160106226 0.0970071428571429[] 
 []


Overfull \hbox (60.49344pt too wide) in paragraph at lines 1337--1337
[]\T1/lmtt/m/n/10 ## Transformed  valence  is approximately normally distribute
d! 0.0879386163770323 0.0970071428571429[] 
 []

[15]
Overfull \hbox (70.99341pt too wide) in paragraph at lines 1346--1346
[]\T1/lmtt/m/n/10 ## Transformed  likeCount  is approximately normally distribu
ted! 0.0696106433502905 0.0970071428571429[] 
 []


Overfull \hbox (76.2434pt too wide) in paragraph at lines 1350--1350
[]\T1/lmtt/m/n/10 ## Transformed  viewsCount  is approximately normally distrib
uted! 0.0770680692211038 0.0970071428571429[] 
 []

<Notebook_Submission_files/figure-latex/unnamed-chunk-10-1.pdf, id=101, 469.755
pt x 325.215pt>
File: Notebook_Submission_files/figure-latex/unnamed-chunk-10-1.pdf Graphic fil
e (type pdf)
<use Notebook_Submission_files/figure-latex/unnamed-chunk-10-1.pdf>
Package pdftex.def Info: Notebook_Submission_files/figure-latex/unnamed-chunk-1
0-1.pdf  used on input line 1352.
(pdftex.def)             Requested size: 469.75386pt x 325.2142pt.
<Notebook_Submission_files/figure-latex/unnamed-chunk-11-1.pdf, id=102, 469.755
pt x 325.215pt>
File: Notebook_Submission_files/figure-latex/unnamed-chunk-11-1.pdf Graphic fil
e (type pdf)
<use Notebook_Submission_files/figure-latex/unnamed-chunk-11-1.pdf>
Package pdftex.def Info: Notebook_Submission_files/figure-latex/unnamed-chunk-1
1-1.pdf  used on input line 1377.
(pdftex.def)             Requested size: 469.75386pt x 325.2142pt.
[16 <./Notebook_Submission_files/figure-latex/unnamed-chunk-10-1.pdf>]
Underfull \vbox (badness 1584) detected at line 1427
 []

[17 <./Notebook_Submission_files/figure-latex/unnamed-chunk-11-1.pdf>]
<Notebook_Submission_files/figure-latex/unnamed-chunk-12-1.pdf, id=123, 469.755
pt x 325.215pt>
File: Notebook_Submission_files/figure-latex/unnamed-chunk-12-1.pdf Graphic fil
e (type pdf)
<use Notebook_Submission_files/figure-latex/unnamed-chunk-12-1.pdf>
Package pdftex.def Info: Notebook_Submission_files/figure-latex/unnamed-chunk-1
2-1.pdf  used on input line 1429.
(pdftex.def)             Requested size: 469.75386pt x 325.2142pt.
[18 <./Notebook_Submission_files/figure-latex/unnamed-chunk-12-1.pdf>]
<Notebook_Submission_files/figure-latex/unnamed-chunk-13-1.pdf, id=134, 469.755
pt x 325.215pt>
File: Notebook_Submission_files/figure-latex/unnamed-chunk-13-1.pdf Graphic fil
e (type pdf)
<use Notebook_Submission_files/figure-latex/unnamed-chunk-13-1.pdf>
Package pdftex.def Info: Notebook_Submission_files/figure-latex/unnamed-chunk-1
3-1.pdf  used on input line 1499.
(pdftex.def)             Requested size: 469.75386pt x 325.2142pt.
[19] [20 <./Notebook_Submission_files/figure-latex/unnamed-chunk-13-1.pdf>] [21
]
<Notebook_Submission_files/figure-latex/unnamed-chunk-14-1.pdf, id=154, 469.755
pt x 325.215pt>
File: Notebook_Submission_files/figure-latex/unnamed-chunk-14-1.pdf Graphic fil
e (type pdf)
<use Notebook_Submission_files/figure-latex/unnamed-chunk-14-1.pdf>
Package pdftex.def Info: Notebook_Submission_files/figure-latex/unnamed-chunk-1
4-1.pdf  used on input line 1648.
(pdftex.def)             Requested size: 469.75386pt x 325.2142pt.
<Notebook_Submission_files/figure-latex/unnamed-chunk-14-2.pdf, id=155, 469.755
pt x 325.215pt>
File: Notebook_Submission_files/figure-latex/unnamed-chunk-14-2.pdf Graphic fil
e (type pdf)
<use Notebook_Submission_files/figure-latex/unnamed-chunk-14-2.pdf>
Package pdftex.def Info: Notebook_Submission_files/figure-latex/unnamed-chunk-1
4-2.pdf  used on input line 1657.
(pdftex.def)             Requested size: 469.75386pt x 325.2142pt.
[22 <./Notebook_Submission_files/figure-latex/unnamed-chunk-14-1.pdf>]
<Notebook_Submission_files/figure-latex/unnamed-chunk-14-3.pdf, id=166, 469.755
pt x 325.215pt>
File: Notebook_Submission_files/figure-latex/unnamed-chunk-14-3.pdf Graphic fil
e (type pdf)
<use Notebook_Submission_files/figure-latex/unnamed-chunk-14-3.pdf>
Package pdftex.def Info: Notebook_Submission_files/figure-latex/unnamed-chunk-1
4-3.pdf  used on input line 1669.
(pdftex.def)             Requested size: 469.75386pt x 325.2142pt.
[23 <./Notebook_Submission_files/figure-latex/unnamed-chunk-14-2.pdf>]
<Notebook_Submission_files/figure-latex/unnamed-chunk-14-4.pdf, id=177, 469.755
pt x 325.215pt>
File: Notebook_Submission_files/figure-latex/unnamed-chunk-14-4.pdf Graphic fil
e (type pdf)
<use Notebook_Submission_files/figure-latex/unnamed-chunk-14-4.pdf>
Package pdftex.def Info: Notebook_Submission_files/figure-latex/unnamed-chunk-1
4-4.pdf  used on input line 1698.
(pdftex.def)             Requested size: 469.75386pt x 325.2142pt.
[24 <./Notebook_Submission_files/figure-latex/unnamed-chunk-14-3.pdf>]
<Notebook_Submission_files/figure-latex/unnamed-chunk-14-5.pdf, id=188, 469.755
pt x 325.215pt>
File: Notebook_Submission_files/figure-latex/unnamed-chunk-14-5.pdf Graphic fil
e (type pdf)
<use Notebook_Submission_files/figure-latex/unnamed-chunk-14-5.pdf>
Package pdftex.def Info: Notebook_Submission_files/figure-latex/unnamed-chunk-1
4-5.pdf  used on input line 1714.
(pdftex.def)             Requested size: 469.75386pt x 325.2142pt.
[25 <./Notebook_Submission_files/figure-latex/unnamed-chunk-14-4.pdf>]
<Notebook_Submission_files/figure-latex/unnamed-chunk-14-6.pdf, id=199, 469.755
pt x 325.215pt>
File: Notebook_Submission_files/figure-latex/unnamed-chunk-14-6.pdf Graphic fil
e (type pdf)
<use Notebook_Submission_files/figure-latex/unnamed-chunk-14-6.pdf>
Package pdftex.def Info: Notebook_Submission_files/figure-latex/unnamed-chunk-1
4-6.pdf  used on input line 1757.
(pdftex.def)             Requested size: 469.75386pt x 325.2142pt.
[26 <./Notebook_Submission_files/figure-latex/unnamed-chunk-14-5.pdf>]
<Notebook_Submission_files/figure-latex/unnamed-chunk-14-7.pdf, id=209, 469.755
pt x 325.215pt>
File: Notebook_Submission_files/figure-latex/unnamed-chunk-14-7.pdf Graphic fil
e (type pdf)
<use Notebook_Submission_files/figure-latex/unnamed-chunk-14-7.pdf>
Package pdftex.def Info: Notebook_Submission_files/figure-latex/unnamed-chunk-1
4-7.pdf  used on input line 1768.
(pdftex.def)             Requested size: 469.75386pt x 325.2142pt.
[27 <./Notebook_Submission_files/figure-latex/unnamed-chunk-14-6.pdf>]
<Notebook_Submission_files/figure-latex/unnamed-chunk-14-8.pdf, id=219, 469.755
pt x 325.215pt>
File: Notebook_Submission_files/figure-latex/unnamed-chunk-14-8.pdf Graphic fil
e (type pdf)
<use Notebook_Submission_files/figure-latex/unnamed-chunk-14-8.pdf>
Package pdftex.def Info: Notebook_Submission_files/figure-latex/unnamed-chunk-1
4-8.pdf  used on input line 1800.
(pdftex.def)             Requested size: 469.75386pt x 325.2142pt.
[28 <./Notebook_Submission_files/figure-latex/unnamed-chunk-14-7.pdf>]
<Notebook_Submission_files/figure-latex/unnamed-chunk-14-9.pdf, id=229, 469.755
pt x 325.215pt>
File: Notebook_Submission_files/figure-latex/unnamed-chunk-14-9.pdf Graphic fil
e (type pdf)
<use Notebook_Submission_files/figure-latex/unnamed-chunk-14-9.pdf>
Package pdftex.def Info: Notebook_Submission_files/figure-latex/unnamed-chunk-1
4-9.pdf  used on input line 1806.
(pdftex.def)             Requested size: 469.75386pt x 325.2142pt.
[29 <./Notebook_Submission_files/figure-latex/unnamed-chunk-14-8.pdf>]
<Notebook_Submission_files/figure-latex/unnamed-chunk-14-10.pdf, id=239, 469.75
5pt x 325.215pt>
File: Notebook_Submission_files/figure-latex/unnamed-chunk-14-10.pdf Graphic fi
le (type pdf)
<use Notebook_Submission_files/figure-latex/unnamed-chunk-14-10.pdf>
Package pdftex.def Info: Notebook_Submission_files/figure-latex/unnamed-chunk-1
4-10.pdf  used on input line 1812.
(pdftex.def)             Requested size: 469.75386pt x 325.2142pt.
[30 <./Notebook_Submission_files/figure-latex/unnamed-chunk-14-9.pdf>]
<Notebook_Submission_files/figure-latex/unnamed-chunk-14-11.pdf, id=249, 469.75
5pt x 325.215pt>
File: Notebook_Submission_files/figure-latex/unnamed-chunk-14-11.pdf Graphic fi
le (type pdf)
<use Notebook_Submission_files/figure-latex/unnamed-chunk-14-11.pdf>
Package pdftex.def Info: Notebook_Submission_files/figure-latex/unnamed-chunk-1
4-11.pdf  used on input line 1818.
(pdftex.def)             Requested size: 469.75386pt x 325.2142pt.
[31 <./Notebook_Submission_files/figure-latex/unnamed-chunk-14-10.pdf>]
Overfull \hbox (7.99359pt too wide) in paragraph at lines 1822--1822
[]\T1/lmtt/m/n/10 ## [1] "Outlying pair:  y= Artist_Compilations_Tracks_Number 
x= Artist_Compilations_Number"[] 
 []

<Notebook_Submission_files/figure-latex/unnamed-chunk-14-12.pdf, id=260, 469.75
5pt x 325.215pt>
File: Notebook_Submission_files/figure-latex/unnamed-chunk-14-12.pdf Graphic fi
le (type pdf)
<use Notebook_Submission_files/figure-latex/unnamed-chunk-14-12.pdf>
Package pdftex.def Info: Notebook_Submission_files/figure-latex/unnamed-chunk-1
4-12.pdf  used on input line 1824.
(pdftex.def)             Requested size: 469.75386pt x 325.2142pt.
[32 <./Notebook_Submission_files/figure-latex/unnamed-chunk-14-11.pdf>]
<Notebook_Submission_files/figure-latex/unnamed-chunk-14-13.pdf, id=270, 469.75
5pt x 325.215pt>
File: Notebook_Submission_files/figure-latex/unnamed-chunk-14-13.pdf Graphic fi
le (type pdf)
<use Notebook_Submission_files/figure-latex/unnamed-chunk-14-13.pdf>
Package pdftex.def Info: Notebook_Submission_files/figure-latex/unnamed-chunk-1
4-13.pdf  used on input line 1830.
(pdftex.def)             Requested size: 469.75386pt x 325.2142pt.
[33 <./Notebook_Submission_files/figure-latex/unnamed-chunk-14-12.pdf>]
<Notebook_Submission_files/figure-latex/unnamed-chunk-14-14.pdf, id=280, 469.75
5pt x 325.215pt>
File: Notebook_Submission_files/figure-latex/unnamed-chunk-14-14.pdf Graphic fi
le (type pdf)
<use Notebook_Submission_files/figure-latex/unnamed-chunk-14-14.pdf>
Package pdftex.def Info: Notebook_Submission_files/figure-latex/unnamed-chunk-1
4-14.pdf  used on input line 1836.
(pdftex.def)             Requested size: 469.75386pt x 325.2142pt.
[34 <./Notebook_Submission_files/figure-latex/unnamed-chunk-14-13.pdf>]
<Notebook_Submission_files/figure-latex/unnamed-chunk-14-15.pdf, id=290, 469.75
5pt x 325.215pt>
File: Notebook_Submission_files/figure-latex/unnamed-chunk-14-15.pdf Graphic fi
le (type pdf)
<use Notebook_Submission_files/figure-latex/unnamed-chunk-14-15.pdf>
Package pdftex.def Info: Notebook_Submission_files/figure-latex/unnamed-chunk-1
4-15.pdf  used on input line 1842.
(pdftex.def)             Requested size: 469.75386pt x 325.2142pt.
[35 <./Notebook_Submission_files/figure-latex/unnamed-chunk-14-14.pdf>]
Overfull \hbox (18.49356pt too wide) in paragraph at lines 1846--1846
[]\T1/lmtt/m/n/10 ## [1] "Outlying pair:  y= Artist_Singles_Tracks_Number x= Ar
tist_Compilations_Tracks_Number"[] 
 []

<Notebook_Submission_files/figure-latex/unnamed-chunk-14-16.pdf, id=300, 469.75
5pt x 325.215pt>
File: Notebook_Submission_files/figure-latex/unnamed-chunk-14-16.pdf Graphic fi
le (type pdf)
<use Notebook_Submission_files/figure-latex/unnamed-chunk-14-16.pdf>
Package pdftex.def Info: Notebook_Submission_files/figure-latex/unnamed-chunk-1
4-16.pdf  used on input line 1848.
(pdftex.def)             Requested size: 469.75386pt x 325.2142pt.
[36 <./Notebook_Submission_files/figure-latex/unnamed-chunk-14-15.pdf>]
<Notebook_Submission_files/figure-latex/unnamed-chunk-14-17.pdf, id=310, 469.75
5pt x 325.215pt>
File: Notebook_Submission_files/figure-latex/unnamed-chunk-14-17.pdf Graphic fi
le (type pdf)
<use Notebook_Submission_files/figure-latex/unnamed-chunk-14-17.pdf>
Package pdftex.def Info: Notebook_Submission_files/figure-latex/unnamed-chunk-1
4-17.pdf  used on input line 1854.
(pdftex.def)             Requested size: 469.75386pt x 325.2142pt.
[37 <./Notebook_Submission_files/figure-latex/unnamed-chunk-14-16.pdf>]
<Notebook_Submission_files/figure-latex/unnamed-chunk-14-18.pdf, id=321, 469.75
5pt x 325.215pt>
File: Notebook_Submission_files/figure-latex/unnamed-chunk-14-18.pdf Graphic fi
le (type pdf)
<use Notebook_Submission_files/figure-latex/unnamed-chunk-14-18.pdf>
Package pdftex.def Info: Notebook_Submission_files/figure-latex/unnamed-chunk-1
4-18.pdf  used on input line 1860.
(pdftex.def)             Requested size: 469.75386pt x 325.2142pt.
[38 <./Notebook_Submission_files/figure-latex/unnamed-chunk-14-17.pdf>]
<Notebook_Submission_files/figure-latex/unnamed-chunk-14-19.pdf, id=331, 469.75
5pt x 325.215pt>
File: Notebook_Submission_files/figure-latex/unnamed-chunk-14-19.pdf Graphic fi
le (type pdf)
<use Notebook_Submission_files/figure-latex/unnamed-chunk-14-19.pdf>
Package pdftex.def Info: Notebook_Submission_files/figure-latex/unnamed-chunk-1
4-19.pdf  used on input line 1866.
(pdftex.def)             Requested size: 469.75386pt x 325.2142pt.
[39 <./Notebook_Submission_files/figure-latex/unnamed-chunk-14-18.pdf>]
<Notebook_Submission_files/figure-latex/unnamed-chunk-14-20.pdf, id=341, 469.75
5pt x 325.215pt>
File: Notebook_Submission_files/figure-latex/unnamed-chunk-14-20.pdf Graphic fi
le (type pdf)
<use Notebook_Submission_files/figure-latex/unnamed-chunk-14-20.pdf>
Package pdftex.def Info: Notebook_Submission_files/figure-latex/unnamed-chunk-1
4-20.pdf  used on input line 1872.
(pdftex.def)             Requested size: 469.75386pt x 325.2142pt.
[40 <./Notebook_Submission_files/figure-latex/unnamed-chunk-14-19.pdf>]
<Notebook_Submission_files/figure-latex/unnamed-chunk-14-21.pdf, id=351, 469.75
5pt x 325.215pt>
File: Notebook_Submission_files/figure-latex/unnamed-chunk-14-21.pdf Graphic fi
le (type pdf)
<use Notebook_Submission_files/figure-latex/unnamed-chunk-14-21.pdf>
Package pdftex.def Info: Notebook_Submission_files/figure-latex/unnamed-chunk-1
4-21.pdf  used on input line 1878.
(pdftex.def)             Requested size: 469.75386pt x 325.2142pt.
[41 <./Notebook_Submission_files/figure-latex/unnamed-chunk-14-20.pdf>]
<Notebook_Submission_files/figure-latex/unnamed-chunk-14-22.pdf, id=361, 469.75
5pt x 325.215pt>
File: Notebook_Submission_files/figure-latex/unnamed-chunk-14-22.pdf Graphic fi
le (type pdf)
<use Notebook_Submission_files/figure-latex/unnamed-chunk-14-22.pdf>
Package pdftex.def Info: Notebook_Submission_files/figure-latex/unnamed-chunk-1
4-22.pdf  used on input line 1884.
(pdftex.def)             Requested size: 469.75386pt x 325.2142pt.
[42 <./Notebook_Submission_files/figure-latex/unnamed-chunk-14-21.pdf>]
<Notebook_Submission_files/figure-latex/unnamed-chunk-14-23.pdf, id=371, 469.75
5pt x 325.215pt>
File: Notebook_Submission_files/figure-latex/unnamed-chunk-14-23.pdf Graphic fi
le (type pdf)
<use Notebook_Submission_files/figure-latex/unnamed-chunk-14-23.pdf>
Package pdftex.def Info: Notebook_Submission_files/figure-latex/unnamed-chunk-1
4-23.pdf  used on input line 1901.
(pdftex.def)             Requested size: 469.75386pt x 325.2142pt.
[43 <./Notebook_Submission_files/figure-latex/unnamed-chunk-14-22.pdf>]
<Notebook_Submission_files/figure-latex/unnamed-chunk-14-24.pdf, id=382, 469.75
5pt x 325.215pt>
File: Notebook_Submission_files/figure-latex/unnamed-chunk-14-24.pdf Graphic fi
le (type pdf)
<use Notebook_Submission_files/figure-latex/unnamed-chunk-14-24.pdf>
Package pdftex.def Info: Notebook_Submission_files/figure-latex/unnamed-chunk-1
4-24.pdf  used on input line 1933.
(pdftex.def)             Requested size: 469.75386pt x 325.2142pt.
[44 <./Notebook_Submission_files/figure-latex/unnamed-chunk-14-23.pdf>] [45 <./
Notebook_Submission_files/figure-latex/unnamed-chunk-14-24.pdf>] [46] [47] [48]

Overfull \hbox (763.9914pt too wide) in paragraph at lines 2277--2277
[]\T1/lmtt/m/n/10 ## The mode across all four quantiles of stream distribution 
is 54  and is in the 4th quantile. So the best prediction for a new artist with
out further knowledge is that she will fall in the top quantile of the populari
ty distribution.[] 
 []


Overfull \hbox (952.99084pt too wide) in paragraph at lines 2289--2289
[]\T1/lmtt/m/n/10 ## Without any knowledge about an additional feature other th
an artist popularity quantile itself and using the mode across classes as best 
predictor for class assignment for a new observation, the number of falsely pre
dicted cases would be:  142  or  72.4489795918367 %.[] 
 []


Overfull \hbox (2113.23747pt too wide) in paragraph at lines 2301--2301
[]\T1/lmtt/m/n/10 ## Now having knowledge about an association between artist p
opularity and its genre and using class-internal modes for the additional featu
re, the number of falsely predicted cases would be:  82  or  41.8367346938776 %
, which is already much lower compared to the error rate from predicting withou
t any knowledge about an association. On the other hand,  114  or  58.163265306
1224 % would have been predicted correctly (compared to  27.5510204081633 % if 
there was no knowledge about genre.)[] 
 []

[49]
Overfull \hbox (763.9914pt too wide) in paragraph at lines 2362--2362
[]\T1/lmtt/m/n/10 ## The mode across all four quantiles of stream distribution 
is 54  and is in the 4th quantile. So the best prediction for a new artist with
out further knowledge is that she will fall in the top quantile of the populari
ty distribution.[] 
 []


Overfull \hbox (952.99084pt too wide) in paragraph at lines 2374--2374
[]\T1/lmtt/m/n/10 ## Without any knowledge about an additional feature other th
an artist popularity quantile itself and using the mode across classes as best 
predictor for class assignment for a new observation, the number of falsely pre
dicted cases would be:  142  or  72.4489795918367 %.[] 
 []


Overfull \hbox (2260.23705pt too wide) in paragraph at lines 2386--2386
[]\T1/lmtt/m/n/10 ## Now having knowledge about an association between artist p
opularity and its viewsCount quantile and using class-internal modes for the ad
ditional feature, the number of falsely predicted cases would be:  90  or  45.9
183673469388 %, which is already much lower compared to the error rate from pre
dicting without any knowledge about an association. On the other hand,  106  or
  54.0816326530612 % would have been predicted correctly (compared to  27.55102
04081633 % if there was no knowledge about viewsCount quantile.)[] 
 []

[50]
<Notebook_Submission_files/figure-latex/unnamed-chunk-21-1.pdf, id=422, 469.755
pt x 325.215pt>
File: Notebook_Submission_files/figure-latex/unnamed-chunk-21-1.pdf Graphic fil
e (type pdf)
<use Notebook_Submission_files/figure-latex/unnamed-chunk-21-1.pdf>
Package pdftex.def Info: Notebook_Submission_files/figure-latex/unnamed-chunk-2
1-1.pdf  used on input line 2581.
(pdftex.def)             Requested size: 469.75386pt x 325.2142pt.
[51]
<Notebook_Submission_files/figure-latex/unnamed-chunk-21-2.pdf, id=427, 469.755
pt x 325.215pt>
File: Notebook_Submission_files/figure-latex/unnamed-chunk-21-2.pdf Graphic fil
e (type pdf)
<use Notebook_Submission_files/figure-latex/unnamed-chunk-21-2.pdf>
Package pdftex.def Info: Notebook_Submission_files/figure-latex/unnamed-chunk-2
1-2.pdf  used on input line 2589.
(pdftex.def)             Requested size: 469.75386pt x 325.2142pt.
[52 <./Notebook_Submission_files/figure-latex/unnamed-chunk-21-1.pdf>] [53 <./N
otebook_Submission_files/figure-latex/unnamed-chunk-21-2.pdf>]
<Notebook_Submission_files/figure-latex/unnamed-chunk-21-3.pdf, id=448, 469.755
pt x 325.215pt>
File: Notebook_Submission_files/figure-latex/unnamed-chunk-21-3.pdf Graphic fil
e (type pdf)
<use Notebook_Submission_files/figure-latex/unnamed-chunk-21-3.pdf>
Package pdftex.def Info: Notebook_Submission_files/figure-latex/unnamed-chunk-2
1-3.pdf  used on input line 2682.
(pdftex.def)             Requested size: 469.75386pt x 325.2142pt.
[54]
<Notebook_Submission_files/figure-latex/unnamed-chunk-21-4.pdf, id=453, 469.755
pt x 325.215pt>
File: Notebook_Submission_files/figure-latex/unnamed-chunk-21-4.pdf Graphic fil
e (type pdf)
<use Notebook_Submission_files/figure-latex/unnamed-chunk-21-4.pdf>
Package pdftex.def Info: Notebook_Submission_files/figure-latex/unnamed-chunk-2
1-4.pdf  used on input line 2690.
(pdftex.def)             Requested size: 469.75386pt x 325.2142pt.
[55 <./Notebook_Submission_files/figure-latex/unnamed-chunk-21-3.pdf>]
<Notebook_Submission_files/figure-latex/unnamed-chunk-21-5.pdf, id=465, 469.755
pt x 325.215pt>
File: Notebook_Submission_files/figure-latex/unnamed-chunk-21-5.pdf Graphic fil
e (type pdf)
<use Notebook_Submission_files/figure-latex/unnamed-chunk-21-5.pdf>
Package pdftex.def Info: Notebook_Submission_files/figure-latex/unnamed-chunk-2
1-5.pdf  used on input line 2698.
(pdftex.def)             Requested size: 469.75386pt x 325.2142pt.
[56 <./Notebook_Submission_files/figure-latex/unnamed-chunk-21-4.pdf>]
<Notebook_Submission_files/figure-latex/unnamed-chunk-21-6.pdf, id=475, 469.755
pt x 325.215pt>
File: Notebook_Submission_files/figure-latex/unnamed-chunk-21-6.pdf Graphic fil
e (type pdf)
<use Notebook_Submission_files/figure-latex/unnamed-chunk-21-6.pdf>
Package pdftex.def Info: Notebook_Submission_files/figure-latex/unnamed-chunk-2
1-6.pdf  used on input line 2708.
(pdftex.def)             Requested size: 469.75386pt x 325.2142pt.
[57 <./Notebook_Submission_files/figure-latex/unnamed-chunk-21-5.pdf>] [58 <./N
otebook_Submission_files/figure-latex/unnamed-chunk-21-6.pdf>] [59] [60] [61]
<Notebook_Submission_files/figure-latex/unnamed-chunk-21-7.pdf, id=508, 469.755
pt x 325.215pt>
File: Notebook_Submission_files/figure-latex/unnamed-chunk-21-7.pdf Graphic fil
e (type pdf)
<use Notebook_Submission_files/figure-latex/unnamed-chunk-21-7.pdf>
Package pdftex.def Info: Notebook_Submission_files/figure-latex/unnamed-chunk-2
1-7.pdf  used on input line 2949.
(pdftex.def)             Requested size: 469.75386pt x 325.2142pt.
[62]
<Notebook_Submission_files/figure-latex/unnamed-chunk-21-8.pdf, id=513, 469.755
pt x 325.215pt>
File: Notebook_Submission_files/figure-latex/unnamed-chunk-21-8.pdf Graphic fil
e (type pdf)
<use Notebook_Submission_files/figure-latex/unnamed-chunk-21-8.pdf>
Package pdftex.def Info: Notebook_Submission_files/figure-latex/unnamed-chunk-2
1-8.pdf  used on input line 2966.
(pdftex.def)             Requested size: 469.75386pt x 325.2142pt.
[63 <./Notebook_Submission_files/figure-latex/unnamed-chunk-21-7.pdf>]
<Notebook_Submission_files/figure-latex/unnamed-chunk-21-9.pdf, id=523, 469.755
pt x 325.215pt>
File: Notebook_Submission_files/figure-latex/unnamed-chunk-21-9.pdf Graphic fil
e (type pdf)
<use Notebook_Submission_files/figure-latex/unnamed-chunk-21-9.pdf>
Package pdftex.def Info: Notebook_Submission_files/figure-latex/unnamed-chunk-2
1-9.pdf  used on input line 2977.
(pdftex.def)             Requested size: 469.75386pt x 325.2142pt.
[64 <./Notebook_Submission_files/figure-latex/unnamed-chunk-21-8.pdf>] [65 <./N
otebook_Submission_files/figure-latex/unnamed-chunk-21-9.pdf>]
<Notebook_Submission_files/figure-latex/unnamed-chunk-21-10.pdf, id=542, 469.75
5pt x 325.215pt>
File: Notebook_Submission_files/figure-latex/unnamed-chunk-21-10.pdf Graphic fi
le (type pdf)
<use Notebook_Submission_files/figure-latex/unnamed-chunk-21-10.pdf>
Package pdftex.def Info: Notebook_Submission_files/figure-latex/unnamed-chunk-2
1-10.pdf  used on input line 3035.
(pdftex.def)             Requested size: 469.75386pt x 325.2142pt.
[66 <./Notebook_Submission_files/figure-latex/unnamed-chunk-21-10.pdf>]
<Notebook_Submission_files/figure-latex/unnamed-chunk-21-11.pdf, id=552, 469.75
5pt x 325.215pt>
File: Notebook_Submission_files/figure-latex/unnamed-chunk-21-11.pdf Graphic fi
le (type pdf)
<use Notebook_Submission_files/figure-latex/unnamed-chunk-21-11.pdf>
Package pdftex.def Info: Notebook_Submission_files/figure-latex/unnamed-chunk-2
1-11.pdf  used on input line 3072.
(pdftex.def)             Requested size: 469.75386pt x 325.2142pt.
[67 <./Notebook_Submission_files/figure-latex/unnamed-chunk-21-11.pdf>]
<Notebook_Submission_files/figure-latex/unnamed-chunk-21-12.pdf, id=563, 469.75
5pt x 325.215pt>
File: Notebook_Submission_files/figure-latex/unnamed-chunk-21-12.pdf Graphic fi
le (type pdf)
<use Notebook_Submission_files/figure-latex/unnamed-chunk-21-12.pdf>
Package pdftex.def Info: Notebook_Submission_files/figure-latex/unnamed-chunk-2
1-12.pdf  used on input line 3115.
(pdftex.def)             Requested size: 469.75386pt x 325.2142pt.

Overfull \vbox (1.65414pt too high) detected at line 3156
 []

[68 <./Notebook_Submission_files/figure-latex/unnamed-chunk-21-12.pdf>]
<Notebook_Submission_files/figure-latex/unnamed-chunk-21-13.pdf, id=573, 469.75
5pt x 325.215pt>
File: Notebook_Submission_files/figure-latex/unnamed-chunk-21-13.pdf Graphic fi
le (type pdf)
<use Notebook_Submission_files/figure-latex/unnamed-chunk-21-13.pdf>
Package pdftex.def Info: Notebook_Submission_files/figure-latex/unnamed-chunk-2
1-13.pdf  used on input line 3158.
(pdftex.def)             Requested size: 469.75386pt x 325.2142pt.
<Notebook_Submission_files/figure-latex/unnamed-chunk-21-14.pdf, id=574, 469.75
5pt x 325.215pt>
File: Notebook_Submission_files/figure-latex/unnamed-chunk-21-14.pdf Graphic fi
le (type pdf)
<use Notebook_Submission_files/figure-latex/unnamed-chunk-21-14.pdf>
Package pdftex.def Info: Notebook_Submission_files/figure-latex/unnamed-chunk-2
1-14.pdf  used on input line 3183.
(pdftex.def)             Requested size: 469.75386pt x 325.2142pt.
[69 <./Notebook_Submission_files/figure-latex/unnamed-chunk-21-13.pdf>] [70 <./
Notebook_Submission_files/figure-latex/unnamed-chunk-21-14.pdf>]
<Notebook_Submission_files/figure-latex/unnamed-chunk-22-1.pdf, id=593, 469.755
pt x 325.215pt>
File: Notebook_Submission_files/figure-latex/unnamed-chunk-22-1.pdf Graphic fil
e (type pdf)
<use Notebook_Submission_files/figure-latex/unnamed-chunk-22-1.pdf>
Package pdftex.def Info: Notebook_Submission_files/figure-latex/unnamed-chunk-2
2-1.pdf  used on input line 3272.
(pdftex.def)             Requested size: 469.75386pt x 325.2142pt.
[71 <./Notebook_Submission_files/figure-latex/unnamed-chunk-22-1.pdf>]
<Notebook_Submission_files/figure-latex/unnamed-chunk-22-2.pdf, id=603, 469.755
pt x 325.215pt>
File: Notebook_Submission_files/figure-latex/unnamed-chunk-22-2.pdf Graphic fil
e (type pdf)
<use Notebook_Submission_files/figure-latex/unnamed-chunk-22-2.pdf>
Package pdftex.def Info: Notebook_Submission_files/figure-latex/unnamed-chunk-2
2-2.pdf  used on input line 3299.
(pdftex.def)             Requested size: 469.75386pt x 325.2142pt.
[72 <./Notebook_Submission_files/figure-latex/unnamed-chunk-22-2.pdf>]
<Notebook_Submission_files/figure-latex/unnamed-chunk-22-3.pdf, id=613, 469.755
pt x 325.215pt>
File: Notebook_Submission_files/figure-latex/unnamed-chunk-22-3.pdf Graphic fil
e (type pdf)
<use Notebook_Submission_files/figure-latex/unnamed-chunk-22-3.pdf>
Package pdftex.def Info: Notebook_Submission_files/figure-latex/unnamed-chunk-2
2-3.pdf  used on input line 3357.
(pdftex.def)             Requested size: 469.75386pt x 325.2142pt.
[73 <./Notebook_Submission_files/figure-latex/unnamed-chunk-22-3.pdf>]
<Notebook_Submission_files/figure-latex/unnamed-chunk-22-4.pdf, id=624, 469.755
pt x 325.215pt>
File: Notebook_Submission_files/figure-latex/unnamed-chunk-22-4.pdf Graphic fil
e (type pdf)
<use Notebook_Submission_files/figure-latex/unnamed-chunk-22-4.pdf>
Package pdftex.def Info: Notebook_Submission_files/figure-latex/unnamed-chunk-2
2-4.pdf  used on input line 3368.
(pdftex.def)             Requested size: 469.75386pt x 325.2142pt.
[74 <./Notebook_Submission_files/figure-latex/unnamed-chunk-22-4.pdf>] [75]
<Notebook_Submission_files/figure-latex/unnamed-chunk-22-5.pdf, id=639, 469.755
pt x 325.215pt>
File: Notebook_Submission_files/figure-latex/unnamed-chunk-22-5.pdf Graphic fil
e (type pdf)
<use Notebook_Submission_files/figure-latex/unnamed-chunk-22-5.pdf>
Package pdftex.def Info: Notebook_Submission_files/figure-latex/unnamed-chunk-2
2-5.pdf  used on input line 3471.
(pdftex.def)             Requested size: 469.75386pt x 325.2142pt.

! Package inputenc Error: Unicode character  (U+100000)
(inputenc)                not set up for use with LaTeX.

See the inputenc package documentation for explanation.
Type  H <return>  for immediate help.
 ...                                              
                                                  
l.3500 ...hen the non-diagonal elements of R1}
                                                   
Here is how much of TeX's memory you used:
 15184 strings out of 480932
 238974 string characters out of 2899905
 527150 words of memory out of 3000000
 30632 multiletter control sequences out of 15000+200000
 555960 words of font info for 57 fonts, out of 3000000 for 9000
 1141 hyphenation exceptions out of 8191
 41i,6n,42p,1236b,465s stack positions out of 5000i,500n,10000p,200000b,50000s

!  ==> Fatal error occurred, no output PDF file produced!
