This is pdfTeX, Version 3.14159265-2.6-1.40.21 (MiKTeX 2.9.7300 64-bit) (preloaded format=pdflatex 2020.3.1)  2 MAR 2020 13:45
entering extended mode
**./Notebook_Code.tex
(Notebook_Code.tex
LaTeX2e <2020-02-02> patch level 5
L3 programming layer <2020-02-25> ("C:\Program Files\MiKTeX 2.9\tex/latex/base\
article.cls"
Document Class: article 2019/12/20 v1.4l Standard LaTeX document class
("C:\Program Files\MiKTeX 2.9\tex/latex/base\size10.clo"
File: size10.clo 2019/12/20 v1.4l Standard LaTeX file (size option)
)
\c@part=\count167
\c@section=\count168
\c@subsection=\count169
\c@subsubsection=\count170
\c@paragraph=\count171
\c@subparagraph=\count172
\c@figure=\count173
\c@table=\count174
\abovecaptionskip=\skip47
\belowcaptionskip=\skip48
\bibindent=\dimen134
) ("C:\Program Files\MiKTeX 2.9\tex/latex/lm\lmodern.sty"
Package: lmodern 2009/10/30 v1.6 Latin Modern Fonts
LaTeX Font Info:    Overwriting symbol font `operators' in version `normal'
(Font)                  OT1/cmr/m/n --> OT1/lmr/m/n on input line 22.
LaTeX Font Info:    Overwriting symbol font `letters' in version `normal'
(Font)                  OML/cmm/m/it --> OML/lmm/m/it on input line 23.
LaTeX Font Info:    Overwriting symbol font `symbols' in version `normal'
(Font)                  OMS/cmsy/m/n --> OMS/lmsy/m/n on input line 24.
LaTeX Font Info:    Overwriting symbol font `largesymbols' in version `normal'
(Font)                  OMX/cmex/m/n --> OMX/lmex/m/n on input line 25.
LaTeX Font Info:    Overwriting symbol font `operators' in version `bold'
(Font)                  OT1/cmr/bx/n --> OT1/lmr/bx/n on input line 26.
LaTeX Font Info:    Overwriting symbol font `letters' in version `bold'
(Font)                  OML/cmm/b/it --> OML/lmm/b/it on input line 27.
LaTeX Font Info:    Overwriting symbol font `symbols' in version `bold'
(Font)                  OMS/cmsy/b/n --> OMS/lmsy/b/n on input line 28.
LaTeX Font Info:    Overwriting symbol font `largesymbols' in version `bold'
(Font)                  OMX/cmex/m/n --> OMX/lmex/m/n on input line 29.
LaTeX Font Info:    Overwriting math alphabet `\mathbf' in version `normal'
(Font)                  OT1/cmr/bx/n --> OT1/lmr/bx/n on input line 31.
LaTeX Font Info:    Overwriting math alphabet `\mathsf' in version `normal'
(Font)                  OT1/cmss/m/n --> OT1/lmss/m/n on input line 32.
LaTeX Font Info:    Overwriting math alphabet `\mathit' in version `normal'
(Font)                  OT1/cmr/m/it --> OT1/lmr/m/it on input line 33.
LaTeX Font Info:    Overwriting math alphabet `\mathtt' in version `normal'
(Font)                  OT1/cmtt/m/n --> OT1/lmtt/m/n on input line 34.
LaTeX Font Info:    Overwriting math alphabet `\mathbf' in version `bold'
(Font)                  OT1/cmr/bx/n --> OT1/lmr/bx/n on input line 35.
LaTeX Font Info:    Overwriting math alphabet `\mathsf' in version `bold'
(Font)                  OT1/cmss/bx/n --> OT1/lmss/bx/n on input line 36.
LaTeX Font Info:    Overwriting math alphabet `\mathit' in version `bold'
(Font)                  OT1/cmr/bx/it --> OT1/lmr/bx/it on input line 37.
LaTeX Font Info:    Overwriting math alphabet `\mathtt' in version `bold'
(Font)                  OT1/cmtt/m/n --> OT1/lmtt/m/n on input line 38.
) ("C:\Program Files\MiKTeX 2.9\tex/latex/amsfonts\amssymb.sty"
Package: amssymb 2013/01/14 v3.01 AMS font symbols
("C:\Program Files\MiKTeX 2.9\tex/latex/amsfonts\amsfonts.sty"
Package: amsfonts 2013/01/14 v3.01 Basic AMSFonts support
\@emptytoks=\toks15
\symAMSa=\mathgroup4
\symAMSb=\mathgroup5
LaTeX Font Info:    Redeclaring math symbol \hbar on input line 98.
LaTeX Font Info:    Overwriting math alphabet `\mathfrak' in version `bold'
(Font)                  U/euf/m/n --> U/euf/b/n on input line 106.
)) ("C:\Program Files\MiKTeX 2.9\tex/latex/amsmath\amsmath.sty"
Package: amsmath 2020/01/20 v2.17e AMS math features
\@mathmargin=\skip49
For additional information on amsmath, use the `?' option.
("C:\Program Files\MiKTeX 2.9\tex/latex/amsmath\amstext.sty"
Package: amstext 2000/06/29 v2.01 AMS text
("C:\Program Files\MiKTeX 2.9\tex/latex/amsmath\amsgen.sty"
File: amsgen.sty 1999/11/30 v2.0 generic functions
\@emptytoks=\toks16
\ex@=\dimen135
)) ("C:\Program Files\MiKTeX 2.9\tex/latex/amsmath\amsbsy.sty"
Package: amsbsy 1999/11/29 v1.2d Bold Symbols
\pmbraise@=\dimen136
) ("C:\Program Files\MiKTeX 2.9\tex/latex/amsmath\amsopn.sty"
Package: amsopn 2016/03/08 v2.02 operator names
)
\inf@bad=\count175
LaTeX Info: Redefining \frac on input line 227.
\uproot@=\count176
\leftroot@=\count177
LaTeX Info: Redefining \overline on input line 389.
\classnum@=\count178
\DOTSCASE@=\count179
LaTeX Info: Redefining \ldots on input line 486.
LaTeX Info: Redefining \dots on input line 489.
LaTeX Info: Redefining \cdots on input line 610.
\Mathstrutbox@=\box45
\strutbox@=\box46
\big@size=\dimen137
LaTeX Font Info:    Redeclaring font encoding OML on input line 733.
LaTeX Font Info:    Redeclaring font encoding OMS on input line 734.
\macc@depth=\count180
\c@MaxMatrixCols=\count181
\dotsspace@=\muskip16
\c@parentequation=\count182
\dspbrk@lvl=\count183
\tag@help=\toks17
\row@=\count184
\column@=\count185
\maxfields@=\count186
\andhelp@=\toks18
\eqnshift@=\dimen138
\alignsep@=\dimen139
\tagshift@=\dimen140
\tagwidth@=\dimen141
\totwidth@=\dimen142
\lineht@=\dimen143
\@envbody=\toks19
\multlinegap=\skip50
\multlinetaggap=\skip51
\mathdisplay@stack=\toks20
LaTeX Info: Redefining \[ on input line 2859.
LaTeX Info: Redefining \] on input line 2860.
) ("C:\Program Files\MiKTeX 2.9\tex/generic/iftex\ifxetex.sty"
Package: ifxetex 2019/10/25 v0.7 ifxetex legacy package. Use iftex instead.
("C:\Program Files\MiKTeX 2.9\tex/generic/iftex\iftex.sty"
Package: iftex 2019/11/07 v1.0c TeX engine tests
)) ("C:\Program Files\MiKTeX 2.9\tex/generic/iftex\ifluatex.sty"
Package: ifluatex 2019/10/25 v1.5 ifluatex legacy package. Use iftex instead.
) ("C:\Program Files\MiKTeX 2.9\tex/latex/base\fixltx2e.sty"
Package: fixltx2e 2016/12/29 v2.1a fixes to LaTeX (obsolete)
Applying: [2015/01/01] Old fixltx2e package on input line 46.

Package fixltx2e Warning: fixltx2e is not required with releases after 2015
(fixltx2e)                All fixes are now in the LaTeX kernel.
(fixltx2e)                See the latexrelease package for details.

Already applied: [0000/00/00] Old fixltx2e package on input line 53.
) ("C:\Program Files\MiKTeX 2.9\tex/latex/base\fontenc.sty"
Package: fontenc 2020/02/11 v2.0o Standard LaTeX package
LaTeX Font Info:    Trying to load font information for T1+lmr on input line 11
2.
("C:\Program Files\MiKTeX 2.9\tex/latex/lm\t1lmr.fd"
File: t1lmr.fd 2009/10/30 v1.6 Font defs for Latin Modern
)) ("C:\Program Files\MiKTeX 2.9\tex/latex/base\inputenc.sty"
Package: inputenc 2018/08/11 v1.3c Input encoding file
\inpenc@prehook=\toks21
\inpenc@posthook=\toks22
) (C:\Users\wolfg\AppData\Roaming\MiKTeX\2.9\tex/latex/upquote\upquote.sty
Package: upquote 2012/04/19 v1.3 upright-quote and grave-accent glyphs in verba
tim
("C:\Program Files\MiKTeX 2.9\tex/latex/base\textcomp.sty"
Package: textcomp 2020/02/02 v2.0n Standard LaTeX package
)) (C:\Users\wolfg\AppData\Roaming\MiKTeX\2.9\tex/latex/microtype\microtype.sty
Package: microtype 2019/11/18 v2.7d Micro-typographical refinements (RS)
("C:\Program Files\MiKTeX 2.9\tex/latex/graphics\keyval.sty"
Package: keyval 2014/10/28 v1.15 key=value parser (DPC)
\KV@toks@=\toks23
)
\MT@toks=\toks24
\MT@count=\count187
LaTeX Info: Redefining \textls on input line 790.
\MT@outer@kern=\dimen144
LaTeX Info: Redefining \textmicrotypecontext on input line 1354.
\MT@listname@count=\count188

(C:\Users\wolfg\AppData\Roaming\MiKTeX\2.9\tex/latex/microtype\microtype-pdftex
.def
File: microtype-pdftex.def 2019/11/18 v2.7d Definitions specific to pdftex (RS)

LaTeX Info: Redefining \lsstyle on input line 914.
LaTeX Info: Redefining \lslig on input line 914.
\MT@outer@space=\skip52
)
Package microtype Info: Loading configuration file microtype.cfg.
(C:\Users\wolfg\AppData\Roaming\MiKTeX\2.9\tex/latex/microtype\microtype.cfg
File: microtype.cfg 2019/11/18 v2.7d microtype main configuration file (RS)
)) (C:\Users\wolfg\AppData\Roaming\MiKTeX\2.9\tex/latex/geometry\geometry.sty
Package: geometry 2020/01/02 v5.9 Page Geometry
("C:\Program Files\MiKTeX 2.9\tex/generic/iftex\ifvtex.sty"
Package: ifvtex 2019/10/25 v1.7 ifvtex legacy package. Use iftex instead.
)
\Gm@cnth=\count189
\Gm@cntv=\count190
\c@Gm@tempcnt=\count191
\Gm@bindingoffset=\dimen145
\Gm@wd@mp=\dimen146
\Gm@odd@mp=\dimen147
\Gm@even@mp=\dimen148
\Gm@layoutwidth=\dimen149
\Gm@layoutheight=\dimen150
\Gm@layouthoffset=\dimen151
\Gm@layoutvoffset=\dimen152
\Gm@dimlist=\toks25
(C:\Users\wolfg\AppData\Roaming\MiKTeX\2.9\tex/latex/geometry\geometry.cfg)) ("
C:\Program Files\MiKTeX 2.9\tex/latex/hyperref\hyperref.sty"
Package: hyperref 2020/01/14 v7.00d Hypertext links for LaTeX
(C:\Users\wolfg\AppData\Roaming\MiKTeX\2.9\tex/generic/ltxcmds\ltxcmds.sty
Package: ltxcmds 2019/12/15 v1.24 LaTeX kernel commands for general use (HO)
) ("C:\Program Files\MiKTeX 2.9\tex/latex/pdftexcmds\pdftexcmds.sty"
Package: pdftexcmds 2019/11/24 v0.31 Utility functions of pdfTeX for LuaTeX (HO
)
(C:\Users\wolfg\AppData\Roaming\MiKTeX\2.9\tex/generic/infwarerr\infwarerr.sty
Package: infwarerr 2019/12/03 v1.5 Providing info/warning/error messages (HO)
)
Package pdftexcmds Info: \pdf@primitive is available.
Package pdftexcmds Info: \pdf@ifprimitive is available.
Package pdftexcmds Info: \pdfdraftmode found.
) (C:\Users\wolfg\AppData\Roaming\MiKTeX\2.9\tex/generic/kvsetkeys\kvsetkeys.st
y
Package: kvsetkeys 2019/12/15 v1.18 Key value parser (HO)
)
(C:\Users\wolfg\AppData\Roaming\MiKTeX\2.9\tex/generic/kvdefinekeys\kvdefinekey
s.sty
Package: kvdefinekeys 2019-12-19 v1.6 Define keys (HO)
) (C:\Users\wolfg\AppData\Roaming\MiKTeX\2.9\tex/generic/pdfescape\pdfescape.st
y
Package: pdfescape 2019/12/09 v1.15 Implements pdfTeX's escape features (HO)
) (C:\Users\wolfg\AppData\Roaming\MiKTeX\2.9\tex/latex/hycolor\hycolor.sty
Package: hycolor 2020-01-27 v1.10 Color options for hyperref/bookmark (HO)
)
(C:\Users\wolfg\AppData\Roaming\MiKTeX\2.9\tex/latex/letltxmacro\letltxmacro.st
y
Package: letltxmacro 2019/12/03 v1.6 Let assignment for LaTeX macros (HO)
) (C:\Users\wolfg\AppData\Roaming\MiKTeX\2.9\tex/latex/auxhook\auxhook.sty
Package: auxhook 2019-12-17 v1.6 Hooks for auxiliary files (HO)
) (C:\Users\wolfg\AppData\Roaming\MiKTeX\2.9\tex/latex/kvoptions\kvoptions.sty
Package: kvoptions 2019/11/29 v3.13 Key value format for package options (HO)
)
\@linkdim=\dimen153
\Hy@linkcounter=\count192
\Hy@pagecounter=\count193
("C:\Program Files\MiKTeX 2.9\tex/latex/hyperref\pd1enc.def"
File: pd1enc.def 2020/01/14 v7.00d Hyperref: PDFDocEncoding definition (HO)
Now handling font encoding PD1 ...
... no UTF-8 mapping file for font encoding PD1
) (C:\Users\wolfg\AppData\Roaming\MiKTeX\2.9\tex/generic/intcalc\intcalc.sty
Package: intcalc 2019/12/15 v1.3 Expandable calculations with integers (HO)
) (C:\Users\wolfg\AppData\Roaming\MiKTeX\2.9\tex/generic/etexcmds\etexcmds.sty
Package: etexcmds 2019/12/15 v1.7 Avoid name clashes with e-TeX commands (HO)
)
\Hy@SavedSpaceFactor=\count194
Package hyperref Info: Hyper figures OFF on input line 4547.
Package hyperref Info: Link nesting OFF on input line 4552.
Package hyperref Info: Hyper index ON on input line 4555.
Package hyperref Info: Plain pages OFF on input line 4562.
Package hyperref Info: Backreferencing OFF on input line 4567.
Package hyperref Info: Implicit mode ON; LaTeX internals redefined.
Package hyperref Info: Bookmarks ON on input line 4800.
\c@Hy@tempcnt=\count195
("C:\Program Files\MiKTeX 2.9\tex/latex/url\url.sty"
\Urlmuskip=\muskip17
Package: url 2013/09/16  ver 3.4  Verb mode for urls, etc.
)
LaTeX Info: Redefining \url on input line 5159.
\XeTeXLinkMargin=\dimen154
(C:\Users\wolfg\AppData\Roaming\MiKTeX\2.9\tex/generic/bitset\bitset.sty
Package: bitset 2019/12/09 v1.3 Handle bit-vector datatype (HO)

(C:\Users\wolfg\AppData\Roaming\MiKTeX\2.9\tex/generic/bigintcalc\bigintcalc.st
y
Package: bigintcalc 2019/12/15 v1.5 Expandable calculations on big integers (HO
)
))
\Fld@menulength=\count196
\Field@Width=\dimen155
\Fld@charsize=\dimen156
Package hyperref Info: Hyper figures OFF on input line 6430.
Package hyperref Info: Link nesting OFF on input line 6435.
Package hyperref Info: Hyper index ON on input line 6438.
Package hyperref Info: backreferencing OFF on input line 6445.
Package hyperref Info: Link coloring OFF on input line 6450.
Package hyperref Info: Link coloring with OCG OFF on input line 6455.
Package hyperref Info: PDF/A mode OFF on input line 6460.
LaTeX Info: Redefining \ref on input line 6500.
LaTeX Info: Redefining \pageref on input line 6504.
(C:\Users\wolfg\AppData\Roaming\MiKTeX\2.9\tex/generic/atbegshi\atbegshi.sty
Package: atbegshi 2019/12/05 v1.19 At begin shipout hook (HO)
)
\Hy@abspage=\count197
\c@Item=\count198
\c@Hfootnote=\count199
)
Package hyperref Info: Driver (autodetected): hpdftex.
("C:\Program Files\MiKTeX 2.9\tex/latex/hyperref\hpdftex.def"
File: hpdftex.def 2020/01/14 v7.00d Hyperref driver for pdfTeX
(C:\Users\wolfg\AppData\Roaming\MiKTeX\2.9\tex/latex/atveryend\atveryend.sty
Package: atveryend 2019-12-11 v1.11 Hooks at the very end of document (HO)
Package atveryend Info: \enddocument detected (standard20110627).
)
\Fld@listcount=\count266
\c@bookmark@seq@number=\count267

(C:\Users\wolfg\AppData\Roaming\MiKTeX\2.9\tex/latex/rerunfilecheck\rerunfilech
eck.sty
Package: rerunfilecheck 2019/12/05 v1.9 Rerun checks for auxiliary files (HO)

(C:\Users\wolfg\AppData\Roaming\MiKTeX\2.9\tex/generic/uniquecounter\uniquecoun
ter.sty
Package: uniquecounter 2019/12/15 v1.4 Provide unlimited unique counter (HO)
)
Package uniquecounter Info: New unique counter `rerunfilecheck' on input line 2
86.
)
\Hy@SectionHShift=\skip53
)
Package hyperref Info: Option `unicode' set `true' on input line 29.
("C:\Program Files\MiKTeX 2.9\tex/latex/hyperref\puenc.def"
File: puenc.def 2020/01/14 v7.00d Hyperref: PDF Unicode definition (HO)
Now handling font encoding PU ...
... no UTF-8 mapping file for font encoding PU
)
Package hyperref Info: Option `breaklinks' set `true' on input line 29.
("C:\Program Files\MiKTeX 2.9\tex/latex/graphics\color.sty"
Package: color 2019/11/23 v1.2a Standard LaTeX Color (DPC)
("C:\Program Files\MiKTeX 2.9\tex/latex/graphics-cfg\color.cfg"
File: color.cfg 2016/01/02 v1.6 sample color configuration
)
Package color Info: Driver file: pdftex.def on input line 147.
("C:\Program Files\MiKTeX 2.9\tex/latex/graphics-def\pdftex.def"
File: pdftex.def 2018/01/08 v1.0l Graphics/color driver for pdftex
)) (C:\Users\wolfg\AppData\Roaming\MiKTeX\2.9\tex/latex/fancyvrb\fancyvrb.sty
Package: fancyvrb 2020/01/13 v3.5 verbatim text (tvz,hv)
\FV@CodeLineNo=\count268
\FV@InFile=\read2
\FV@TabBox=\box47
\c@FancyVerbLine=\count269
\FV@StepNumber=\count270
\FV@OutFile=\write3
) (C:\Users\wolfg\AppData\Roaming\MiKTeX\2.9\tex/latex/framed\framed.sty
Package: framed 2011/10/22 v 0.96: framed or shaded text with page breaks
\OuterFrameSep=\skip54
\fb@frw=\dimen157
\fb@frh=\dimen158
\FrameRule=\dimen159
\FrameSep=\dimen160
) ("C:\Program Files\MiKTeX 2.9\tex/latex/graphics\graphicx.sty"
Package: graphicx 2019/11/30 v1.2a Enhanced LaTeX Graphics (DPC,SPQR)
("C:\Program Files\MiKTeX 2.9\tex/latex/graphics\graphics.sty"
Package: graphics 2019/11/30 v1.4a Standard LaTeX Graphics (DPC,SPQR)
("C:\Program Files\MiKTeX 2.9\tex/latex/graphics\trig.sty"
Package: trig 2016/01/03 v1.10 sin cos tan (DPC)
) ("C:\Program Files\MiKTeX 2.9\tex/latex/graphics-cfg\graphics.cfg"
File: graphics.cfg 2016/06/04 v1.11 sample graphics configuration
)
Package graphics Info: Driver file: pdftex.def on input line 105.
)
\Gin@req@height=\dimen161
\Gin@req@width=\dimen162
) (C:\Users\wolfg\AppData\Roaming\MiKTeX\2.9\tex/latex/grffile\grffile.sty
Package: grffile 2019/11/11 v2.1 Extended file name support for graphics (legac
y)
Package grffile Info: This package is an empty stub for compatibility on input 
line 40.
) (C:\Users\wolfg\AppData\Roaming\MiKTeX\2.9\tex/latex/parskip\parskip.sty
Package: parskip 2020-01-22 v2.0d non-zero parskip adjustments
("C:\Program Files\MiKTeX 2.9\tex/latex/etoolbox\etoolbox.sty"
Package: etoolbox 2019/09/21 v2.5h e-TeX tools for LaTeX (JAW)
\etb@tempcnta=\count271
)) (C:\Users\wolfg\AppData\Roaming\MiKTeX\2.9\tex/latex/titling\titling.sty
Package: titling 2009/09/04 v2.1d maketitle typesetting
\thanksmarkwidth=\skip55
\thanksmargin=\skip56
\droptitle=\skip57
) (C:\Users\wolfg\AppData\Roaming\MiKTeX\2.9\tex/latex/booktabs\booktabs.sty
Package: booktabs 2020/01/12 v1.61803398 Publication quality tables
\heavyrulewidth=\dimen163
\lightrulewidth=\dimen164
\cmidrulewidth=\dimen165
\belowrulesep=\dimen166
\belowbottomsep=\dimen167
\aboverulesep=\dimen168
\abovetopsep=\dimen169
\cmidrulesep=\dimen170
\cmidrulekern=\dimen171
\defaultaddspace=\dimen172
\@cmidla=\count272
\@cmidlb=\count273
\@aboverulesep=\dimen173
\@belowrulesep=\dimen174
\@thisruleclass=\count274
\@lastruleclass=\count275
\@thisrulewidth=\dimen175
) ("C:\Program Files\MiKTeX 2.9\tex/latex/tools\longtable.sty"
Package: longtable 2020/01/07 v4.13 Multi-page Table package (DPC)
\LTleft=\skip58
\LTright=\skip59
\LTpre=\skip60
\LTpost=\skip61
\LTchunksize=\count276
\LTcapwidth=\dimen176
\LT@head=\box48
\LT@firsthead=\box49
\LT@foot=\box50
\LT@lastfoot=\box51
\LT@cols=\count277
\LT@rows=\count278
\c@LT@tables=\count279
\c@LT@chunks=\count280
\LT@p@ftn=\toks26
) ("C:\Program Files\MiKTeX 2.9\tex/latex/tools\array.sty"
Package: array 2019/08/31 v2.4l Tabular extension package (FMi)
\col@sep=\dimen177
\ar@mcellbox=\box52
\extrarowheight=\dimen178
\NC@list=\toks27
\extratabsurround=\skip62
\backup@length=\skip63
\ar@cellbox=\box53
) (C:\Users\wolfg\AppData\Roaming\MiKTeX\2.9\tex/latex/multirow\multirow.sty
Package: multirow 2019/05/31 v2.5 Span multiple rows of a table
\multirow@colwidth=\skip64
\multirow@cntb=\count281
\multirow@dima=\skip65
\bigstrutjot=\dimen179
) (C:\Users\wolfg\AppData\Roaming\MiKTeX\2.9\tex/latex/wrapfig\wrapfig.sty
\wrapoverhang=\dimen180
\WF@size=\dimen181
\c@WF@wrappedlines=\count282
\WF@box=\box54
\WF@everypar=\toks28
Package: wrapfig 2003/01/31  v 3.6
) (C:\Users\wolfg\AppData\Roaming\MiKTeX\2.9\tex/latex/float\float.sty
Package: float 2001/11/08 v1.3d Float enhancements (AL)
\c@float@type=\count283
\float@exts=\toks29
\float@box=\box55
\@float@everytoks=\toks30
\@floatcapt=\box56
) (C:\Users\wolfg\AppData\Roaming\MiKTeX\2.9\tex/latex/colortbl\colortbl.sty
Package: colortbl 2020/01/04 v1.0e Color table columns (DPC)
\everycr=\toks31
\minrowclearance=\skip66
) (C:\Users\wolfg\AppData\Roaming\MiKTeX\2.9\tex/latex/pdflscape\pdflscape.sty
Package: pdflscape 2019/12/05 v0.12 Display of landscape pages in PDF (HO)
("C:\Program Files\MiKTeX 2.9\tex/latex/graphics\lscape.sty"
Package: lscape 2000/10/22 v3.01 Landscape Pages (DPC)
)
Package pdflscape Info: Auto-detected driver: pdftex on input line 81.
) (C:\Users\wolfg\AppData\Roaming\MiKTeX\2.9\tex/latex/tabu\tabu.sty
Package: tabu 2019/01/11 v2.9 - flexible LaTeX tabulars (FC+tabu-fixed)
(C:\Users\wolfg\AppData\Roaming\MiKTeX\2.9\tex/latex/varwidth\varwidth.sty
Package: varwidth 2009/03/30 ver 0.92;  Variable-width minipages
\@vwid@box=\box57
\sift@deathcycles=\count284
\@vwid@loff=\dimen182
\@vwid@roff=\dimen183
)
\c@taburow=\count285
\tabu@nbcols=\count286
\tabu@cnt=\count287
\tabu@Xcol=\count288
\tabu@alloc=\count289
\tabu@nested=\count290
\tabu@target=\dimen184
\tabu@spreadtarget=\dimen185
\tabu@naturalX=\dimen186
\tabucolX=\dimen187
\tabu@Xsum=\dimen188
\extrarowdepth=\dimen189
\abovetabulinesep=\dimen190
\belowtabulinesep=\dimen191
\tabustrutrule=\dimen192
\tabu@thebody=\toks32
\tabu@footnotes=\toks33
\tabu@box=\box58
\tabu@arstrutbox=\box59
\tabu@hleads=\box60
\tabu@vleads=\box61
\tabu@cellskip=\skip67
)
(C:\Users\wolfg\AppData\Roaming\MiKTeX\2.9\tex/latex/threeparttable\threepartta
ble.sty
Package: threeparttable 2003/06/13  v 3.0
\@tempboxb=\box62
)
(C:\Users\wolfg\AppData\Roaming\MiKTeX\2.9\tex/latex/threeparttablex\threepartt
ablex.sty
Package: threeparttablex 2013/07/23 v0.3 by daleif
("C:\Program Files\MiKTeX 2.9\tex/latex/environ\environ.sty"
Package: environ 2014/05/04 v0.3 A new way to define environments
("C:\Program Files\MiKTeX 2.9\tex/latex/trimspaces\trimspaces.sty"
Package: trimspaces 2009/09/17 v1.1 Trim spaces around a token list
))
\TPTL@width=\skip68
) (C:\Users\wolfg\AppData\Roaming\MiKTeX\2.9\tex/latex/ulem\ulem.sty
\UL@box=\box63
\UL@hyphenbox=\box64
\UL@skip=\skip69
\UL@hook=\toks34
\UL@height=\dimen193
\UL@pe=\count291
\UL@pixel=\dimen194
\ULC@box=\box65
Package: ulem 2019/11/18
\ULdepth=\dimen195
) (C:\Users\wolfg\AppData\Roaming\MiKTeX\2.9\tex/latex/makecell\makecell.sty
Package: makecell 2009/08/03 V0.1e Managing of Tab Column Heads and Cells
\rotheadsize=\dimen196
\c@nlinenum=\count292
\TeXr@lab=\toks35
) ("C:\Program Files\MiKTeX 2.9\tex/latex/xcolor\xcolor.sty"
Package: xcolor 2016/05/11 v2.12 LaTeX color extensions (UK)
("C:\Program Files\MiKTeX 2.9\tex/latex/graphics-cfg\color.cfg"
File: color.cfg 2016/01/02 v1.6 sample color configuration
)
Package xcolor Info: Driver file: pdftex.def on input line 225.
LaTeX Info: Redefining \color on input line 709.
Package xcolor Info: Model `cmy' substituted by `cmy0' on input line 1348.
Package xcolor Info: Model `hsb' substituted by `rgb' on input line 1352.
Package xcolor Info: Model `RGB' extended on input line 1364.
Package xcolor Info: Model `HTML' substituted by `rgb' on input line 1366.
Package xcolor Info: Model `Hsb' substituted by `hsb' on input line 1367.
Package xcolor Info: Model `tHsb' substituted by `hsb' on input line 1368.
Package xcolor Info: Model `HSB' substituted by `hsb' on input line 1369.
Package xcolor Info: Model `Gray' substituted by `gray' on input line 1370.
Package xcolor Info: Model `wave' substituted by `hsb' on input line 1371.
) ("C:\Program Files\MiKTeX 2.9\tex/latex/l3backend\l3backend-pdfmode.def"
File: l3backend-pdfmode.def 2020-02-23 L3 backend support: PDF mode
\l__kernel_color_stack_int=\count293
\l__pdf_internal_box=\box66
) (Notebook_Code.aux)
\openout1 = `Notebook_Code.aux'.

LaTeX Font Info:    Checking defaults for OML/cmm/m/it on input line 139.
LaTeX Font Info:    ... okay on input line 139.
LaTeX Font Info:    Checking defaults for OMS/cmsy/m/n on input line 139.
LaTeX Font Info:    ... okay on input line 139.
LaTeX Font Info:    Checking defaults for OT1/cmr/m/n on input line 139.
LaTeX Font Info:    ... okay on input line 139.
LaTeX Font Info:    Checking defaults for T1/cmr/m/n on input line 139.
LaTeX Font Info:    ... okay on input line 139.
LaTeX Font Info:    Checking defaults for TS1/cmr/m/n on input line 139.
LaTeX Font Info:    ... okay on input line 139.
LaTeX Font Info:    Checking defaults for OMX/cmex/m/n on input line 139.
LaTeX Font Info:    ... okay on input line 139.
LaTeX Font Info:    Checking defaults for U/cmr/m/n on input line 139.
LaTeX Font Info:    ... okay on input line 139.
LaTeX Font Info:    Checking defaults for PD1/pdf/m/n on input line 139.
LaTeX Font Info:    ... okay on input line 139.
LaTeX Font Info:    Checking defaults for PU/pdf/m/n on input line 139.
LaTeX Font Info:    ... okay on input line 139.
LaTeX Info: Redefining \microtypecontext on input line 139.
Package microtype Info: Generating PDF output.
Package microtype Info: Character protrusion enabled (level 2).
Package microtype Info: Using protrusion set `basicmath'.
Package microtype Info: Automatic font expansion enabled (level 2),
(microtype)             stretch: 20, shrink: 20, step: 1, non-selected.
Package microtype Info: Using default expansion set `basictext'.
LaTeX Info: Redefining \showhyphens on input line 139.
Package microtype Info: No adjustment of tracking.
Package microtype Info: No adjustment of interword spacing.
Package microtype Info: No adjustment of character kerning.
(C:\Users\wolfg\AppData\Roaming\MiKTeX\2.9\tex/latex/microtype\mt-cmr.cfg
File: mt-cmr.cfg 2013/05/19 v2.2 microtype config. file: Computer Modern Roman 
(RS)
)
*geometry* driver: auto-detecting
*geometry* detected driver: pdftex
*geometry* verbose mode - [ preamble ] result:
* driver: pdftex
* paper: <default>
* layout: <same size as paper>
* layoutoffset:(h,v)=(0.0pt,0.0pt)
* modes: 
* h-part:(L,W,R)=(72.26999pt, 469.75502pt, 72.26999pt)
* v-part:(T,H,B)=(72.26999pt, 650.43001pt, 72.26999pt)
* \paperwidth=614.295pt
* \paperheight=794.96999pt
* \textwidth=469.75502pt
* \textheight=650.43001pt
* \oddsidemargin=0.0pt
* \evensidemargin=0.0pt
* \topmargin=-37.0pt
* \headheight=12.0pt
* \headsep=25.0pt
* \topskip=10.0pt
* \footskip=30.0pt
* \marginparwidth=65.0pt
* \marginparsep=11.0pt
* \columnsep=10.0pt
* \skip\footins=9.0pt plus 4.0pt minus 2.0pt
* \hoffset=0.0pt
* \voffset=0.0pt
* \mag=1000
* \@twocolumnfalse
* \@twosidefalse
* \@mparswitchfalse
* \@reversemarginfalse
* (1in=72.27pt=25.4mm, 1cm=28.453pt)

\AtBeginShipoutBox=\box67
Package hyperref Info: Link coloring OFF on input line 139.
("C:\Program Files\MiKTeX 2.9\tex/latex/hyperref\nameref.sty"
Package: nameref 2019/09/16 v2.46 Cross-referencing by name of section
(C:\Users\wolfg\AppData\Roaming\MiKTeX\2.9\tex/latex/refcount\refcount.sty
Package: refcount 2019/12/15 v3.6 Data extraction from label references (HO)
)
(C:\Users\wolfg\AppData\Roaming\MiKTeX\2.9\tex/generic/gettitlestring\gettitles
tring.sty
Package: gettitlestring 2019/12/15 v1.6 Cleanup title references (HO)
)
\c@section@level=\count294
)
LaTeX Info: Redefining \ref on input line 139.
LaTeX Info: Redefining \pageref on input line 139.
LaTeX Info: Redefining \nameref on input line 139.
(Notebook_Code.out) (Notebook_Code.out)
\@outlinefile=\write4
\openout4 = `Notebook_Code.out'.

("C:\Program Files\MiKTeX 2.9\tex/context/base/mkii\supp-pdf.mkii"
[Loading MPS to PDF converter (version 2006.09.02).]
\scratchcounter=\count295
\scratchdimen=\dimen197
\scratchbox=\box68
\nofMPsegments=\count296
\nofMParguments=\count297
\everyMPshowfont=\toks36
\MPscratchCnt=\count298
\MPscratchDim=\dimen198
\MPnumerator=\count299
\makeMPintoPDFobject=\count300
\everyMPtoPDFconversion=\toks37
) ("C:\Program Files\MiKTeX 2.9\tex/latex/epstopdf-pkg\epstopdf-base.sty"
Package: epstopdf-base 2020-01-24 v2.11 Base part for package epstopdf
Package epstopdf-base Info: Redefining graphics rule for `.eps' on input line 4
85.
)

Package xcolor Warning: Incompatible color definition on input line 144.

LaTeX Font Info:    Trying to load font information for T1+lmtt on input line 1
45.
("C:\Program Files\MiKTeX 2.9\tex/latex/lm\t1lmtt.fd"
File: t1lmtt.fd 2009/10/30 v1.6 Font defs for Latin Modern
)
LaTeX Font Info:    Font shape `T1/lmtt/bx/n' in size <10> not available
(Font)              Font shape `T1/lmtt/b/n' tried instead on input line 146.

Package xcolor Warning: Incompatible color definition on input line 148.


Package xcolor Warning: Incompatible color definition on input line 148.

LaTeX Font Info:    Trying to load font information for TS1+lmtt on input line 
152.
("C:\Program Files\MiKTeX 2.9\tex/latex/lm\ts1lmtt.fd"
File: ts1lmtt.fd 2009/10/30 v1.6 Font defs for Latin Modern
)

Package xcolor Warning: Incompatible color definition on input line 154.


Package xcolor Warning: Incompatible color definition on input line 160.


Package xcolor Warning: Incompatible color definition on input line 160.


Overfull \hbox (154.99316pt too wide) in paragraph at lines 195--195
[]\T1/lmtt/m/n/10 ##  $ Artist_Follower                  : int  713401 713401 6
01346 601346 601346 601346 601346 601346 601346 601346 ...[] 
 []


Overfull \hbox (312.4927pt too wide) in paragraph at lines 195--195
[]\T1/lmtt/m/n/10 ##  $ Artist_ID                        : chr  "2NjfBq1NflQcKS
eiDooVjY" "2NjfBq1NflQcKSeiDooVjY" "1qQLhymHXFPtP5U8KNKsm6" "1qQLhymHXFPtP5U8KN
Ksm6" ...[] 
 []


Overfull \hbox (60.49344pt too wide) in paragraph at lines 195--195
[]\T1/lmtt/m/n/10 ##  $ Release_Date                     : chr  "2019-05-10" "2
019-07-15" "2019-10-25" "2019-08-23" ...[] 
 []


Overfull \hbox (259.99286pt too wide) in paragraph at lines 195--195
[]\T1/lmtt/m/n/10 ##  $ Streams                          : int  106824437 23279
95 79193552 54619683 48552840 46784729 43436284 35294439 30904982 28153458 ...[
] 
 []


Overfull \hbox (70.99341pt too wide) in paragraph at lines 195--195
[]\T1/lmtt/m/n/10 ##  $ Track_Artist                     : chr  "Tones and I" "
Tones and I" "Apache 207" "Apache 207" ...[] 
 []


Overfull \hbox (154.99316pt too wide) in paragraph at lines 195--195
[]\T1/lmtt/m/n/10 ##  $ Track_Duration_ms                : int  209754 200755 1
57093 158853 176066 163146 139693 191760 176200 159533 ...[] 
 []


Overfull \hbox (312.4927pt too wide) in paragraph at lines 195--195
[]\T1/lmtt/m/n/10 ##  $ Track_ID                         : chr  "1rgnBhdG2JDFTb
YkYRZAku" "2grAr8pWMuLWn8ZYEE9wDV" "6hw1Sy9wZ8UCxYGdpKrU6M" "5dhQeuLGmlhfwlI6BW
fSpo" ...[] 
 []


Overfull \hbox (76.2434pt too wide) in paragraph at lines 195--195
[]\T1/lmtt/m/n/10 ##  $ Track_Title                      : chr  "Dance Monkey" 
"Never Seen the Rain" "Roller" "Roller" ...[] 
 []


Overfull \hbox (44.74348pt too wide) in paragraph at lines 195--195
[]\T1/lmtt/m/n/10 ##  $ Title_Artist_Google_searches_11m : int  20904 572 8880 
8880 1975 1156 3260 10880 220 568 ...[] 
 []


Overfull \hbox (44.74348pt too wide) in paragraph at lines 195--195
[]\T1/lmtt/m/n/10 ##  $ Title_Artist_Youtube_searches_11m: int  308911 7320 766
0 7660 1530 990 2240 7915 154 441 ...[] 
 []


Overfull \hbox (118.24327pt too wide) in paragraph at lines 195--195
[]\T1/lmtt/m/n/10 ##  $ Title_Google_searches_11m        : int  1288732 2799 48
05454 4805454 47025 33165 47709 45925 8977 7568 ...[] 
 []


Overfull \hbox (128.74324pt too wide) in paragraph at lines 195--195
[]\T1/lmtt/m/n/10 ##  $ Title_Youtube_searches_11m       : int  18353181 33600 
3446454 3446454 32325 28872 38436 31975 5931 6349 ...[] 
 []


Overfull \hbox (196.99304pt too wide) in paragraph at lines 195--195
[]\T1/lmtt/m/n/10 ##  $ Artist_Google_searches_11m       : int  299212 299212 1
468281 1468281 1468281 1468281 1468281 1468281 1468281 1468281 ...[] 
 []


Overfull \hbox (207.49301pt too wide) in paragraph at lines 195--195
[]\T1/lmtt/m/n/10 ##  $ Artist_Youtube_searches_11m      : int  2451500 2451500
 1076400 1076400 1076400 1076400 1076400 1076400 1076400 1076400 ...[] 
 []


Overfull \hbox (81.49338pt too wide) in paragraph at lines 195--195
[]\T1/lmtt/m/n/10 ##  $ dislikeCount                     : int  317322 3194 278
02 27802 11440 12957 10493 605 5333 4287 ...[] 
 []


Overfull \hbox (154.99316pt too wide) in paragraph at lines 195--195
[]\T1/lmtt/m/n/10 ##  $ likeCount                        : int  7424686 109395 
748270 748270 385252 378780 299481 24361 211469 156222 ...[] 
 []


Overfull \hbox (81.49338pt too wide) in paragraph at lines 195--195
[]\T1/lmtt/m/n/10 ##  $ video_ID                         : chr  "q0hyYWKXF0Q" "
UdRJY-jlEhQ" "Fo3DAhiNKQo" "Fo3DAhiNKQo" ...[] 
 []


Overfull \hbox (186.49307pt too wide) in paragraph at lines 195--195
[]\T1/lmtt/m/n/10 ##  $ viewsCount                       :integer64 738528171 1
0258864 66995452 66995452 22170062 28647171 25783216 4013930 ...[] 
 []


Package xcolor Warning: Incompatible color definition on input line 197.


Package xcolor Warning: Incompatible color definition on input line 202.


Package xcolor Warning: Incompatible color definition on input line 202.


Package xcolor Warning: Incompatible color definition on input line 204.


Package xcolor Warning: Incompatible color definition on input line 208.


Package xcolor Warning: Incompatible color definition on input line 208.

[1

{C:/Users/wolfg/AppData/Local/MiKTeX/2.9/pdftex/config/pdftex.map}]

Package xcolor Warning: Incompatible color definition on input line 231.


Package xcolor Warning: Incompatible color definition on input line 245.


Package xcolor Warning: Incompatible color definition on input line 245.

<Notebook_Code_files/figure-latex/unnamed-chunk-2-1.pdf, id=13, 469.755pt x 325
.215pt>
File: Notebook_Code_files/figure-latex/unnamed-chunk-2-1.pdf Graphic file (type
 pdf)
<use Notebook_Code_files/figure-latex/unnamed-chunk-2-1.pdf>
Package pdftex.def Info: Notebook_Code_files/figure-latex/unnamed-chunk-2-1.pdf
  used on input line 247.
(pdftex.def)             Requested size: 469.75386pt x 325.2142pt.

Package xcolor Warning: Incompatible color definition on input line 251.


Package xcolor Warning: Incompatible color definition on input line 255.


Package xcolor Warning: Incompatible color definition on input line 255.

[2 <./Notebook_Code_files/figure-latex/unnamed-chunk-2-1.pdf>] [3]

Package xcolor Warning: Incompatible color definition on input line 342.


Package xcolor Warning: Incompatible color definition on input line 373.


Package xcolor Warning: Incompatible color definition on input line 373.

<Notebook_Code_files/figure-latex/unnamed-chunk-4-1.pdf, id=29, 469.755pt x 325
.215pt>
File: Notebook_Code_files/figure-latex/unnamed-chunk-4-1.pdf Graphic file (type
 pdf)
<use Notebook_Code_files/figure-latex/unnamed-chunk-4-1.pdf>
Package pdftex.def Info: Notebook_Code_files/figure-latex/unnamed-chunk-4-1.pdf
  used on input line 375.
(pdftex.def)             Requested size: 469.75386pt x 325.2142pt.

Package xcolor Warning: Incompatible color definition on input line 377.

[4]

Package xcolor Warning: Incompatible color definition on input line 408.


Package xcolor Warning: Incompatible color definition on input line 408.


Underfull \vbox (badness 10000) detected at line 408
 []


Package xcolor Warning: Incompatible color definition on input line 408.

[5 <./Notebook_Code_files/figure-latex/unnamed-chunk-4-1.pdf>]

Package xcolor Warning: Incompatible color definition on input line 408.


Package xcolor Warning: Incompatible color definition on input line 408.

<Notebook_Code_files/figure-latex/unnamed-chunk-5-1.pdf, id=44, 469.755pt x 325
.215pt>
File: Notebook_Code_files/figure-latex/unnamed-chunk-5-1.pdf Graphic file (type
 pdf)
<use Notebook_Code_files/figure-latex/unnamed-chunk-5-1.pdf>
Package pdftex.def Info: Notebook_Code_files/figure-latex/unnamed-chunk-5-1.pdf
  used on input line 410.
(pdftex.def)             Requested size: 469.75386pt x 325.2142pt.

Package xcolor Warning: Incompatible color definition on input line 412.


Package xcolor Warning: Incompatible color definition on input line 422.


Package xcolor Warning: Incompatible color definition on input line 422.

<Notebook_Code_files/figure-latex/unnamed-chunk-6-1.pdf, id=45, 469.755pt x 325
.215pt>
File: Notebook_Code_files/figure-latex/unnamed-chunk-6-1.pdf Graphic file (type
 pdf)
<use Notebook_Code_files/figure-latex/unnamed-chunk-6-1.pdf>
Package pdftex.def Info: Notebook_Code_files/figure-latex/unnamed-chunk-6-1.pdf
  used on input line 424.
(pdftex.def)             Requested size: 469.75386pt x 325.2142pt.

Package xcolor Warning: Incompatible color definition on input line 426.

[6 <./Notebook_Code_files/figure-latex/unnamed-chunk-5-1.pdf>]

Package xcolor Warning: Incompatible color definition on input line 431.


Package xcolor Warning: Incompatible color definition on input line 431.


Package xcolor Warning: Incompatible color definition on input line 442.


Package xcolor Warning: Incompatible color definition on input line 451.


Package xcolor Warning: Incompatible color definition on input line 451.

[7 <./Notebook_Code_files/figure-latex/unnamed-chunk-6-1.pdf>]

Package xcolor Warning: Incompatible color definition on input line 484.


Package xcolor Warning: Incompatible color definition on input line 502.


Package xcolor Warning: Incompatible color definition on input line 502.


Overfull \hbox (60.49344pt too wide) in paragraph at lines 511--511
[]\T1/lmtt/m/n/10 ##   Artist_Follower  is not approximately normally distribut
ed. 0.383035516591054 0.0506133986707077[] 
 []


Overfull \hbox (70.99341pt too wide) in paragraph at lines 520--520
[]\T1/lmtt/m/n/10 ##   Artist_Popularity  is not approximately normally distrib
uted. 0.119291819521821 0.0506133986707077[] 
 []


Overfull \hbox (91.99335pt too wide) in paragraph at lines 529--529
[]\T1/lmtt/m/n/10 ##   Artist_Singles_Number  is not approximately normally dis
tributed. 0.255514154746977 0.0506133986707077[] 
 []


Overfull \hbox (128.74324pt too wide) in paragraph at lines 538--538
[]\T1/lmtt/m/n/10 ##   Artist_Singles_Tracks_Number  is not approximately norma
lly distributed. 0.161639370078695 0.0506133986707077[] 
 []


Overfull \hbox (18.49356pt too wide) in paragraph at lines 542--542
[]\T1/lmtt/m/n/10 ##   Streams  is not approximately normally distributed. 0.24
8187587219419 0.0506133986707077[] 
 []


Overfull \hbox (76.2434pt too wide) in paragraph at lines 551--551
[]\T1/lmtt/m/n/10 ##   Track_Duration_ms  is not approximately normally distrib
uted. 0.0724951409388148 0.0506133986707077[] 
 []


Overfull \hbox (39.4935pt too wide) in paragraph at lines 560--560
[]\T1/lmtt/m/n/10 ##   Total_tracks  is not approximately normally distributed.
 0.11590620951236 0.0506133986707077[] 
 []

[8]
Overfull \hbox (34.24352pt too wide) in paragraph at lines 569--569
[]\T1/lmtt/m/n/10 ##   viewsCount  is not approximately normally distributed. 0
.395670837683742 0.0506133986707077[] 
 []


Overfull \hbox (118.24327pt too wide) in paragraph at lines 578--578
[]\T1/lmtt/m/n/10 ##   Artist_Google_searches_11m  is not approximately normall
y distributed. 0.241095798188388 0.0506133986707077[] 
 []


Overfull \hbox (123.49326pt too wide) in paragraph at lines 587--587
[]\T1/lmtt/m/n/10 ##   Artist_Youtube_searches_11m  is not approximately normal
ly distributed. 0.332369983188504 0.0506133986707077[] 
 []


Package xcolor Warning: Incompatible color definition on input line 600.


Package xcolor Warning: Incompatible color definition on input line 634.


Package xcolor Warning: Incompatible color definition on input line 634.

<Notebook_Code_files/figure-latex/unnamed-chunk-8-1.pdf, id=72, 469.755pt x 325
.215pt>
File: Notebook_Code_files/figure-latex/unnamed-chunk-8-1.pdf Graphic file (type
 pdf)
<use Notebook_Code_files/figure-latex/unnamed-chunk-8-1.pdf>
Package pdftex.def Info: Notebook_Code_files/figure-latex/unnamed-chunk-8-1.pdf
  used on input line 636.
(pdftex.def)             Requested size: 469.75386pt x 325.2142pt.

Package xcolor Warning: Incompatible color definition on input line 638.

[9]

Package xcolor Warning: Incompatible color definition on input line 669.


Package xcolor Warning: Incompatible color definition on input line 669.


Underfull \vbox (badness 10000) detected at line 669
 []


Package xcolor Warning: Incompatible color definition on input line 669.

[10 <./Notebook_Code_files/figure-latex/unnamed-chunk-8-1.pdf>]

Package xcolor Warning: Incompatible color definition on input line 669.


Package xcolor Warning: Incompatible color definition on input line 669.

<Notebook_Code_files/figure-latex/unnamed-chunk-9-1.pdf, id=88, 469.755pt x 325
.215pt>
File: Notebook_Code_files/figure-latex/unnamed-chunk-9-1.pdf Graphic file (type
 pdf)
<use Notebook_Code_files/figure-latex/unnamed-chunk-9-1.pdf>
Package pdftex.def Info: Notebook_Code_files/figure-latex/unnamed-chunk-9-1.pdf
  used on input line 671.
(pdftex.def)             Requested size: 469.75386pt x 325.2142pt.

Package xcolor Warning: Incompatible color definition on input line 673.


Package xcolor Warning: Incompatible color definition on input line 683.


Package xcolor Warning: Incompatible color definition on input line 683.

<Notebook_Code_files/figure-latex/unnamed-chunk-10-1.pdf, id=89, 469.755pt x 32
5.215pt>
File: Notebook_Code_files/figure-latex/unnamed-chunk-10-1.pdf Graphic file (typ
e pdf)
<use Notebook_Code_files/figure-latex/unnamed-chunk-10-1.pdf>
Package pdftex.def Info: Notebook_Code_files/figure-latex/unnamed-chunk-10-1.pd
f  used on input line 685.
(pdftex.def)             Requested size: 469.75386pt x 325.2142pt.

Package xcolor Warning: Incompatible color definition on input line 687.

[11 <./Notebook_Code_files/figure-latex/unnamed-chunk-9-1.pdf>]

Package xcolor Warning: Incompatible color definition on input line 705.


Package xcolor Warning: Incompatible color definition on input line 705.


Overfull \hbox (133.99323pt too wide) in paragraph at lines 714--714
[]\T1/lmtt/m/n/10 ##  Z-transformed  Artist_Follower  is not approximately norm
ally distributed. 0.383035516591054 0.0506133986707077[] 
 []


Overfull \hbox (144.4932pt too wide) in paragraph at lines 723--723
[]\T1/lmtt/m/n/10 ##  Z-transformed  Artist_Popularity  is not approximately no
rmally distributed. 0.119291819521822 0.0506133986707077[] 
 []


Overfull \hbox (165.49313pt too wide) in paragraph at lines 732--732
[]\T1/lmtt/m/n/10 ##  Z-transformed  Artist_Singles_Number  is not approximatel
y normally distributed. 0.255514154746977 0.0506133986707077[] 
 []

[12 <./Notebook_Code_files/figure-latex/unnamed-chunk-10-1.pdf>]
Overfull \hbox (202.24303pt too wide) in paragraph at lines 741--741
[]\T1/lmtt/m/n/10 ##  Z-transformed  Artist_Singles_Tracks_Number  is not appro
ximately normally distributed. 0.161639370078695 0.0506133986707077[] 
 []


Overfull \hbox (91.99335pt too wide) in paragraph at lines 745--745
[]\T1/lmtt/m/n/10 ##  Z-transformed  Streams  is not approximately normally dis
tributed. 0.248187587219419 0.0506133986707077[] 
 []


Overfull \hbox (149.74318pt too wide) in paragraph at lines 754--754
[]\T1/lmtt/m/n/10 ##  Z-transformed  Track_Duration_ms  is not approximately no
rmally distributed. 0.0724951409388148 0.0506133986707077[] 
 []


Overfull \hbox (112.99329pt too wide) in paragraph at lines 763--763
[]\T1/lmtt/m/n/10 ##  Z-transformed  Total_tracks  is not approximately normall
y distributed. 0.11590620951236 0.0506133986707077[] 
 []


Overfull \hbox (107.7433pt too wide) in paragraph at lines 772--772
[]\T1/lmtt/m/n/10 ##  Z-transformed  viewsCount  is not approximately normally 
distributed. 0.395670837683742 0.0506133986707077[] 
 []


Overfull \hbox (191.74306pt too wide) in paragraph at lines 781--781
[]\T1/lmtt/m/n/10 ##  Z-transformed  Artist_Google_searches_11m  is not approxi
mately normally distributed. 0.241095798188388 0.0506133986707077[] 
 []


Overfull \hbox (196.99304pt too wide) in paragraph at lines 790--790
[]\T1/lmtt/m/n/10 ##  Z-transformed  Artist_Youtube_searches_11m  is not approx
imately normally distributed. 0.332369983188504 0.0506133986707077[] 
 []

LaTeX Font Info:    Trying to load font information for OT1+lmr on input line 7
94.
("C:\Program Files\MiKTeX 2.9\tex/latex/lm\ot1lmr.fd"
File: ot1lmr.fd 2009/10/30 v1.6 Font defs for Latin Modern
)
LaTeX Font Info:    Trying to load font information for OML+lmm on input line 7
94.
("C:\Program Files\MiKTeX 2.9\tex/latex/lm\omllmm.fd"
File: omllmm.fd 2009/10/30 v1.6 Font defs for Latin Modern
)
LaTeX Font Info:    Trying to load font information for OMS+lmsy on input line 
794.
("C:\Program Files\MiKTeX 2.9\tex/latex/lm\omslmsy.fd"
File: omslmsy.fd 2009/10/30 v1.6 Font defs for Latin Modern
)
LaTeX Font Info:    Trying to load font information for OMX+lmex on input line 
794.
("C:\Program Files\MiKTeX 2.9\tex/latex/lm\omxlmex.fd"
File: omxlmex.fd 2009/10/30 v1.6 Font defs for Latin Modern
)
LaTeX Font Info:    External font `lmex10' loaded for size
(Font)              <10> on input line 794.
LaTeX Font Info:    External font `lmex10' loaded for size
(Font)              <7> on input line 794.
LaTeX Font Info:    External font `lmex10' loaded for size
(Font)              <5> on input line 794.
LaTeX Font Info:    Trying to load font information for U+msa on input line 794
.
("C:\Program Files\MiKTeX 2.9\tex/latex/amsfonts\umsa.fd"
File: umsa.fd 2013/01/14 v3.01 AMS symbols A
) (C:\Users\wolfg\AppData\Roaming\MiKTeX\2.9\tex/latex/microtype\mt-msa.cfg
File: mt-msa.cfg 2006/02/04 v1.1 microtype config. file: AMS symbols (a) (RS)
)
LaTeX Font Info:    Trying to load font information for U+msb on input line 794
.
("C:\Program Files\MiKTeX 2.9\tex/latex/amsfonts\umsb.fd"
File: umsb.fd 2013/01/14 v3.01 AMS symbols B
) (C:\Users\wolfg\AppData\Roaming\MiKTeX\2.9\tex/latex/microtype\mt-msb.cfg
File: mt-msb.cfg 2005/06/01 v1.0 microtype config. file: AMS symbols (b) (RS)
)
Underfull \hbox (badness 1237) in paragraph at lines 792--795
[]\T1/lmr/m/n/10 (+20) Again, none of the z-transformed vari-ables is ap-prox-i
-mately nor-mally dis-tributed, how-ever only
 []


Package xcolor Warning: Incompatible color definition on input line 804.


Package xcolor Warning: Incompatible color definition on input line 837.


Package xcolor Warning: Incompatible color definition on input line 837.


Package xcolor Warning: Incompatible color definition on input line 837.

[13]

Package xcolor Warning: Incompatible color definition on input line 837.


Package xcolor Warning: Incompatible color definition on input line 837.

<Notebook_Code_files/figure-latex/unnamed-chunk-12-1.pdf, id=117, 469.755pt x 3
25.215pt>
File: Notebook_Code_files/figure-latex/unnamed-chunk-12-1.pdf Graphic file (typ
e pdf)
<use Notebook_Code_files/figure-latex/unnamed-chunk-12-1.pdf>
Package pdftex.def Info: Notebook_Code_files/figure-latex/unnamed-chunk-12-1.pd
f  used on input line 839.
(pdftex.def)             Requested size: 469.75386pt x 325.2142pt.

Package xcolor Warning: Incompatible color definition on input line 841.


Package xcolor Warning: Incompatible color definition on input line 872.


Package xcolor Warning: Incompatible color definition on input line 872.


Package xcolor Warning: Incompatible color definition on input line 872.

[14 <./Notebook_Code_files/figure-latex/unnamed-chunk-12-1.pdf>]

Package xcolor Warning: Incompatible color definition on input line 872.


Package xcolor Warning: Incompatible color definition on input line 872.

<Notebook_Code_files/figure-latex/unnamed-chunk-13-1.pdf, id=128, 469.755pt x 3
25.215pt>
File: Notebook_Code_files/figure-latex/unnamed-chunk-13-1.pdf Graphic file (typ
e pdf)
<use Notebook_Code_files/figure-latex/unnamed-chunk-13-1.pdf>
Package pdftex.def Info: Notebook_Code_files/figure-latex/unnamed-chunk-13-1.pd
f  used on input line 874.
(pdftex.def)             Requested size: 469.75386pt x 325.2142pt.

Package xcolor Warning: Incompatible color definition on input line 876.


Package xcolor Warning: Incompatible color definition on input line 886.


Package xcolor Warning: Incompatible color definition on input line 886.

<Notebook_Code_files/figure-latex/unnamed-chunk-14-1.pdf, id=129, 469.755pt x 3
25.215pt>
File: Notebook_Code_files/figure-latex/unnamed-chunk-14-1.pdf Graphic file (typ
e pdf)
<use Notebook_Code_files/figure-latex/unnamed-chunk-14-1.pdf>
Package pdftex.def Info: Notebook_Code_files/figure-latex/unnamed-chunk-14-1.pd
f  used on input line 888.
(pdftex.def)             Requested size: 469.75386pt x 325.2142pt.

Package xcolor Warning: Incompatible color definition on input line 890.

[15 <./Notebook_Code_files/figure-latex/unnamed-chunk-13-1.pdf>]

Package xcolor Warning: Incompatible color definition on input line 910.


Package xcolor Warning: Incompatible color definition on input line 910.


Overfull \hbox (144.4932pt too wide) in paragraph at lines 919--919
[]\T1/lmtt/m/n/10 ##  Log-transformed  Artist_Follower  is not approximately no
rmally distributed. 0.200068126290355 0.0506133986707077[] 
 []


Overfull \hbox (160.24315pt too wide) in paragraph at lines 928--928
[]\T1/lmtt/m/n/10 ##  Log-transformed  Artist_Popularity  is not approximately 
normally distributed. 0.0998682392279409 0.0506133986707077[] 
 []

[16 <./Notebook_Code_files/figure-latex/unnamed-chunk-14-1.pdf>]
Overfull \hbox (175.9931pt too wide) in paragraph at lines 937--937
[]\T1/lmtt/m/n/10 ##  Log-transformed  Artist_Singles_Number  is not approximat
ely normally distributed. 0.104232262567276 0.0506133986707077[] 
 []


Overfull \hbox (217.99298pt too wide) in paragraph at lines 946--946
[]\T1/lmtt/m/n/10 ##  Log-transformed  Artist_Singles_Tracks_Number  is not app
roximately normally distributed. 0.0916509588765708 0.0506133986707077[] 
 []


Overfull \hbox (107.7433pt too wide) in paragraph at lines 950--950
[]\T1/lmtt/m/n/10 ##  Log-transformed  Streams  is not approximately normally d
istributed. 0.0534913776972901 0.0506133986707077[] 
 []


Overfull \hbox (154.99316pt too wide) in paragraph at lines 959--959
[]\T1/lmtt/m/n/10 ##  Log-transformed  Track_Duration_ms  is not approximately 
normally distributed. 0.059977602334861 0.0506133986707077[] 
 []


Overfull \hbox (128.74324pt too wide) in paragraph at lines 968--968
[]\T1/lmtt/m/n/10 ##  Log-transformed  Total_tracks  is not approximately norma
lly distributed. 0.178763330511317 0.0506133986707077[] 
 []


Overfull \hbox (97.24333pt too wide) in paragraph at lines 977--977
[]\T1/lmtt/m/n/10 ##  Log-ransformed  viewsCount  is approximately normally dis
tributed! 0.0202979838407569 0.0506133986707077[] 
 []


Overfull \hbox (196.99304pt too wide) in paragraph at lines 986--986
[]\T1/lmtt/m/n/10 ##  Log-transformed  Artist_Google_searches_11m  is not appro
ximately normally distributed. 0.105688256103532 0.050648583519358[] 
 []


Overfull \hbox (207.49301pt too wide) in paragraph at lines 995--995
[]\T1/lmtt/m/n/10 ##  Log-transformed  Artist_Youtube_searches_11m  is not appr
oximately normally distributed. 0.120636402473978 0.0506133986707077[] 
 []


Package xcolor Warning: Incompatible color definition on input line 1004.


Package xcolor Warning: Incompatible color definition on input line 1014.


Package xcolor Warning: Incompatible color definition on input line 1014.

<Notebook_Code_files/figure-latex/unnamed-chunk-16-1.pdf, id=150, 469.755pt x 3
25.215pt>
File: Notebook_Code_files/figure-latex/unnamed-chunk-16-1.pdf Graphic file (typ
e pdf)
<use Notebook_Code_files/figure-latex/unnamed-chunk-16-1.pdf>
Package pdftex.def Info: Notebook_Code_files/figure-latex/unnamed-chunk-16-1.pd
f  used on input line 1024.
(pdftex.def)             Requested size: 469.75386pt x 325.2142pt.

Package xcolor Warning: Incompatible color definition on input line 1026.

[17]

Package xcolor Warning: Incompatible color definition on input line 1030.


Package xcolor Warning: Incompatible color definition on input line 1030.


Package xcolor Warning: Incompatible color definition on input line 1039.


Package xcolor Warning: Incompatible color definition on input line 1043.


Package xcolor Warning: Incompatible color definition on input line 1043.


Package xcolor Warning: Incompatible color definition on input line 1050.


Package xcolor Warning: Incompatible color definition on input line 1054.


Package xcolor Warning: Incompatible color definition on input line 1054.


Package xcolor Warning: Incompatible color definition on input line 1061.


Package xcolor Warning: Incompatible color definition on input line 1065.


Package xcolor Warning: Incompatible color definition on input line 1065.


Package xcolor Warning: Incompatible color definition on input line 1085.


Package xcolor Warning: Incompatible color definition on input line 1089.


Package xcolor Warning: Incompatible color definition on input line 1089.

[18 <./Notebook_Code_files/figure-latex/unnamed-chunk-16-1.pdf>]

Package xcolor Warning: Incompatible color definition on input line 1095.


Package xcolor Warning: Incompatible color definition on input line 1099.


Package xcolor Warning: Incompatible color definition on input line 1099.


Package xcolor Warning: Incompatible color definition on input line 1130.


Package xcolor Warning: Incompatible color definition on input line 1156.


Package xcolor Warning: Incompatible color definition on input line 1156.

[19]

Package xcolor Warning: Incompatible color definition on input line 1198.


Package xcolor Warning: Incompatible color definition on input line 1202.


Package xcolor Warning: Incompatible color definition on input line 1202.


Package xcolor Warning: Incompatible color definition on input line 1206.


Package xcolor Warning: Incompatible color definition on input line 1285.


Package xcolor Warning: Incompatible color definition on input line 1285.


Underfull \vbox (badness 3229) detected at line 1285
 []


Package xcolor Warning: Incompatible color definition on input line 1285.

[20]

Package xcolor Warning: Incompatible color definition on input line 1285.


Package xcolor Warning: Incompatible color definition on input line 1285.


Overfull \hbox (118.24327pt too wide) in paragraph at lines 1294--1294
[]\T1/lmtt/m/n/10 ## Transformed  Artist_Follower  is not approximately normall
y distributed. 0.138923550877875 0.0506133986707077[] 
 []


Overfull \hbox (133.99323pt too wide) in paragraph at lines 1303--1303
[]\T1/lmtt/m/n/10 ## Transformed  Artist_Popularity  is not approximately norma
lly distributed. 0.0710941963773345 0.0506133986707077[] 
 []


Overfull \hbox (149.74318pt too wide) in paragraph at lines 1312--1312
[]\T1/lmtt/m/n/10 ## Transformed  Artist_Singles_Number  is not approximately n
ormally distributed. 0.101464083335985 0.0506133986707077[] 
 []


Overfull \hbox (191.74306pt too wide) in paragraph at lines 1321--1321
[]\T1/lmtt/m/n/10 ## Transformed  Artist_Singles_Tracks_Number  is not approxim
ately normally distributed. 0.0667677753054388 0.0506133986707077[] 
 []


Overfull \hbox (76.2434pt too wide) in paragraph at lines 1325--1325
[]\T1/lmtt/m/n/10 ## Transformed  Streams  is not approximately normally distri
buted. 0.052248164370101 0.0506133986707077[] 
 []


Overfull \hbox (133.99323pt too wide) in paragraph at lines 1334--1334
[]\T1/lmtt/m/n/10 ## Transformed  Track_Duration_ms  is not approximately norma
lly distributed. 0.0593726003494802 0.0506133986707077[] 
 []


Overfull \hbox (107.7433pt too wide) in paragraph at lines 1343--1343
[]\T1/lmtt/m/n/10 ## Transformed  Total_tracks  is not approximately normally d
istributed. 0.0869707482286224 0.0506133986707077[] 
 []

[21]
Overfull \hbox (76.2434pt too wide) in paragraph at lines 1352--1352
[]\T1/lmtt/m/n/10 ## Transformed  viewsCount  is approximately normally distrib
uted! 0.0197285296674473 0.0506133986707077[] 
 []


Overfull \hbox (181.24309pt too wide) in paragraph at lines 1361--1361
[]\T1/lmtt/m/n/10 ## Transformed  Artist_Google_searches_11m  is not approximat
ely normally distributed. 0.0795435984258283 0.0506133986707077[] 
 []


Overfull \hbox (181.24309pt too wide) in paragraph at lines 1370--1370
[]\T1/lmtt/m/n/10 ## Transformed  Artist_Youtube_searches_11m  is not approxima
tely normally distributed. 0.100599282906041 0.0506133986707077[] 
 []

<Notebook_Code_files/figure-latex/unnamed-chunk-18-1.pdf, id=179, 469.755pt x 3
25.215pt>
File: Notebook_Code_files/figure-latex/unnamed-chunk-18-1.pdf Graphic file (typ
e pdf)
<use Notebook_Code_files/figure-latex/unnamed-chunk-18-1.pdf>
Package pdftex.def Info: Notebook_Code_files/figure-latex/unnamed-chunk-18-1.pd
f  used on input line 1372.
(pdftex.def)             Requested size: 469.75386pt x 325.2142pt.

Package xcolor Warning: Incompatible color definition on input line 1374.


Package xcolor Warning: Incompatible color definition on input line 1385.


Package xcolor Warning: Incompatible color definition on input line 1385.


Package xcolor Warning: Incompatible color definition on input line 1393.

[22 <./Notebook_Code_files/figure-latex/unnamed-chunk-18-1.pdf>]

Package xcolor Warning: Incompatible color definition on input line 1397.


Package xcolor Warning: Incompatible color definition on input line 1397.

<Notebook_Code_files/figure-latex/unnamed-chunk-19-1.pdf, id=190, 469.755pt x 3
25.215pt>
File: Notebook_Code_files/figure-latex/unnamed-chunk-19-1.pdf Graphic file (typ
e pdf)
<use Notebook_Code_files/figure-latex/unnamed-chunk-19-1.pdf>
Package pdftex.def Info: Notebook_Code_files/figure-latex/unnamed-chunk-19-1.pd
f  used on input line 1399.
(pdftex.def)             Requested size: 469.75386pt x 325.2142pt.

Package xcolor Warning: Incompatible color definition on input line 1401.


Package xcolor Warning: Incompatible color definition on input line 1407.


Package xcolor Warning: Incompatible color definition on input line 1407.


Package xcolor Warning: Incompatible color definition on input line 1416.


Package xcolor Warning: Incompatible color definition on input line 1420.


Package xcolor Warning: Incompatible color definition on input line 1420.


Package xcolor Warning: Incompatible color definition on input line 1427.


Package xcolor Warning: Incompatible color definition on input line 1431.


Package xcolor Warning: Incompatible color definition on input line 1431.


Package xcolor Warning: Incompatible color definition on input line 1438.


Package xcolor Warning: Incompatible color definition on input line 1442.


Package xcolor Warning: Incompatible color definition on input line 1442.


Package xcolor Warning: Incompatible color definition on input line 1455.

[23 <./Notebook_Code_files/figure-latex/unnamed-chunk-19-1.pdf>]

Package xcolor Warning: Incompatible color definition on input line 1459.


Package xcolor Warning: Incompatible color definition on input line 1459.


Package xcolor Warning: Incompatible color definition on input line 1469.


Package xcolor Warning: Incompatible color definition on input line 1477.


Package xcolor Warning: Incompatible color definition on input line 1477.

<Notebook_Code_files/figure-latex/unnamed-chunk-21-1.pdf, id=200, 469.755pt x 3
25.215pt>
File: Notebook_Code_files/figure-latex/unnamed-chunk-21-1.pdf Graphic file (typ
e pdf)
<use Notebook_Code_files/figure-latex/unnamed-chunk-21-1.pdf>
Package pdftex.def Info: Notebook_Code_files/figure-latex/unnamed-chunk-21-1.pd
f  used on input line 1479.
(pdftex.def)             Requested size: 469.75386pt x 325.2142pt.

Package xcolor Warning: Incompatible color definition on input line 1481.


Package xcolor Warning: Incompatible color definition on input line 1485.


Package xcolor Warning: Incompatible color definition on input line 1485.

<Notebook_Code_files/figure-latex/unnamed-chunk-21-2.pdf, id=201, 469.755pt x 3
25.215pt>
File: Notebook_Code_files/figure-latex/unnamed-chunk-21-2.pdf Graphic file (typ
e pdf)
<use Notebook_Code_files/figure-latex/unnamed-chunk-21-2.pdf>
Package pdftex.def Info: Notebook_Code_files/figure-latex/unnamed-chunk-21-2.pd
f  used on input line 1487.
(pdftex.def)             Requested size: 469.75386pt x 325.2142pt.

Package xcolor Warning: Incompatible color definition on input line 1489.

[24 <./Notebook_Code_files/figure-latex/unnamed-chunk-21-1.pdf>]

Package xcolor Warning: Incompatible color definition on input line 1493.


Package xcolor Warning: Incompatible color definition on input line 1493.


Package xcolor Warning: Incompatible color definition on input line 1499.


Package xcolor Warning: Incompatible color definition on input line 1503.


Package xcolor Warning: Incompatible color definition on input line 1503.

<Notebook_Code_files/figure-latex/unnamed-chunk-22-1.pdf, id=212, 469.755pt x 3
25.215pt>
File: Notebook_Code_files/figure-latex/unnamed-chunk-22-1.pdf Graphic file (typ
e pdf)
<use Notebook_Code_files/figure-latex/unnamed-chunk-22-1.pdf>
Package pdftex.def Info: Notebook_Code_files/figure-latex/unnamed-chunk-22-1.pd
f  used on input line 1505.
(pdftex.def)             Requested size: 469.75386pt x 325.2142pt.

Package xcolor Warning: Incompatible color definition on input line 1507.

[25 <./Notebook_Code_files/figure-latex/unnamed-chunk-21-2.pdf>]

Package xcolor Warning: Incompatible color definition on input line 1511.


Package xcolor Warning: Incompatible color definition on input line 1511.

<Notebook_Code_files/figure-latex/unnamed-chunk-22-2.pdf, id=224, 469.755pt x 3
25.215pt>
File: Notebook_Code_files/figure-latex/unnamed-chunk-22-2.pdf Graphic file (typ
e pdf)
<use Notebook_Code_files/figure-latex/unnamed-chunk-22-2.pdf>
Package pdftex.def Info: Notebook_Code_files/figure-latex/unnamed-chunk-22-2.pd
f  used on input line 1513.
(pdftex.def)             Requested size: 469.75386pt x 325.2142pt.

Package xcolor Warning: Incompatible color definition on input line 1515.

[26 <./Notebook_Code_files/figure-latex/unnamed-chunk-22-1.pdf>]

Package xcolor Warning: Incompatible color definition on input line 1519.


Package xcolor Warning: Incompatible color definition on input line 1519.


Package xcolor Warning: Incompatible color definition on input line 1536.


Package xcolor Warning: Incompatible color definition on input line 1541.


Package xcolor Warning: Incompatible color definition on input line 1541.

<Notebook_Code_files/figure-latex/unnamed-chunk-23-1.pdf, id=234, 469.755pt x 3
25.215pt>
File: Notebook_Code_files/figure-latex/unnamed-chunk-23-1.pdf Graphic file (typ
e pdf)
<use Notebook_Code_files/figure-latex/unnamed-chunk-23-1.pdf>
Package pdftex.def Info: Notebook_Code_files/figure-latex/unnamed-chunk-23-1.pd
f  used on input line 1555.
(pdftex.def)             Requested size: 469.75386pt x 325.2142pt.

Package xcolor Warning: Incompatible color definition on input line 1557.

[27 <./Notebook_Code_files/figure-latex/unnamed-chunk-22-2.pdf>]

Package xcolor Warning: Incompatible color definition on input line 1562.


Package xcolor Warning: Incompatible color definition on input line 1562.

<Notebook_Code_files/figure-latex/unnamed-chunk-23-2.pdf, id=244, 469.755pt x 3
25.215pt>
File: Notebook_Code_files/figure-latex/unnamed-chunk-23-2.pdf Graphic file (typ
e pdf)
<use Notebook_Code_files/figure-latex/unnamed-chunk-23-2.pdf>
Package pdftex.def Info: Notebook_Code_files/figure-latex/unnamed-chunk-23-2.pd
f  used on input line 1564.
(pdftex.def)             Requested size: 469.75386pt x 325.2142pt.
[28 <./Notebook_Code_files/figure-latex/unnamed-chunk-23-1.pdf>]

Package xcolor Warning: Incompatible color definition on input line 1568.


Package xcolor Warning: Incompatible color definition on input line 1574.


Package xcolor Warning: Incompatible color definition on input line 1574.

<Notebook_Code_files/figure-latex/unnamed-chunk-24-1.pdf, id=254, 469.755pt x 3
25.215pt>
File: Notebook_Code_files/figure-latex/unnamed-chunk-24-1.pdf Graphic file (typ
e pdf)
<use Notebook_Code_files/figure-latex/unnamed-chunk-24-1.pdf>
Package pdftex.def Info: Notebook_Code_files/figure-latex/unnamed-chunk-24-1.pd
f  used on input line 1576.
(pdftex.def)             Requested size: 469.75386pt x 325.2142pt.

Package xcolor Warning: Incompatible color definition on input line 1578.

[29 <./Notebook_Code_files/figure-latex/unnamed-chunk-23-2.pdf>]

Package xcolor Warning: Incompatible color definition on input line 1582.


Package xcolor Warning: Incompatible color definition on input line 1582.

[30 <./Notebook_Code_files/figure-latex/unnamed-chunk-24-1.pdf>]

Package xcolor Warning: Incompatible color definition on input line 1640.


Package xcolor Warning: Incompatible color definition on input line 1652.


Package xcolor Warning: Incompatible color definition on input line 1652.


Overfull \hbox (154.99316pt too wide) in paragraph at lines 1678--1678
[]\T1/lmtt/m/n/10 ##  $ Artist_Follower                  : int  713401 713401 6
01346 601346 601346 601346 601346 601346 601346 601346 ...[] 
 []


Overfull \hbox (259.99286pt too wide) in paragraph at lines 1678--1678
[]\T1/lmtt/m/n/10 ##  $ Streams                          : int  106824437 23279
95 79193552 54619683 48552840 46784729 43436284 35294439 30904982 28153458 ...[
] 
 []


Overfull \hbox (154.99316pt too wide) in paragraph at lines 1678--1678
[]\T1/lmtt/m/n/10 ##  $ Track_Duration_ms                : int  209754 200755 1
57093 158853 176066 163146 139693 191760 176200 159533 ...[] 
 []


Overfull \hbox (44.74348pt too wide) in paragraph at lines 1678--1678
[]\T1/lmtt/m/n/10 ##  $ Title_Artist_Google_searches_11m : int  20904 572 8880 
8880 1975 1156 3260 10880 220 568 ...[] 
 []


Overfull \hbox (44.74348pt too wide) in paragraph at lines 1678--1678
[]\T1/lmtt/m/n/10 ##  $ Title_Artist_Youtube_searches_11m: int  308911 7320 766
0 7660 1530 990 2240 7915 154 441 ...[] 
 []


Overfull \hbox (118.24327pt too wide) in paragraph at lines 1678--1678
[]\T1/lmtt/m/n/10 ##  $ Title_Google_searches_11m        : int  1288732 2799 48
05454 4805454 47025 33165 47709 45925 8977 7568 ...[] 
 []


Overfull \hbox (128.74324pt too wide) in paragraph at lines 1678--1678
[]\T1/lmtt/m/n/10 ##  $ Title_Youtube_searches_11m       : int  18353181 33600 
3446454 3446454 32325 28872 38436 31975 5931 6349 ...[] 
 []


Overfull \hbox (196.99304pt too wide) in paragraph at lines 1678--1678
[]\T1/lmtt/m/n/10 ##  $ Artist_Google_searches_11m       : int  299212 299212 1
468281 1468281 1468281 1468281 1468281 1468281 1468281 1468281 ...[] 
 []


Overfull \hbox (207.49301pt too wide) in paragraph at lines 1678--1678
[]\T1/lmtt/m/n/10 ##  $ Artist_Youtube_searches_11m      : int  2451500 2451500
 1076400 1076400 1076400 1076400 1076400 1076400 1076400 1076400 ...[] 
 []


Overfull \hbox (76.2434pt too wide) in paragraph at lines 1678--1678
[]\T1/lmtt/m/n/10 ##  $ commentCount                     : int  172604 2272 221
83 22183 13376 10741 8662 303 5795 4485 ...[] 
 []


Overfull \hbox (81.49338pt too wide) in paragraph at lines 1678--1678
[]\T1/lmtt/m/n/10 ##  $ dislikeCount                     : int  317322 3194 278
02 27802 11440 12957 10493 605 5333 4287 ...[] 
 []


Overfull \hbox (154.99316pt too wide) in paragraph at lines 1678--1678
[]\T1/lmtt/m/n/10 ##  $ likeCount                        : int  7424686 109395 
748270 748270 385252 378780 299481 24361 211469 156222 ...[] 
 []


Overfull \hbox (23.74355pt too wide) in paragraph at lines 1678--1678
[]\T1/lmtt/m/n/10 ##  $ viewsCount                       : num  7.39e+08 1.03e+
07 6.70e+07 6.70e+07 2.22e+07 ...[] 
 []


Package xcolor Warning: Incompatible color definition on input line 1680.


Package xcolor Warning: Incompatible color definition on input line 1685.


Package xcolor Warning: Incompatible color definition on input line 1685.

<Notebook_Code_files/figure-latex/unnamed-chunk-25-1.pdf, id=273, 469.755pt x 3
25.215pt>
File: Notebook_Code_files/figure-latex/unnamed-chunk-25-1.pdf Graphic file (typ
e pdf)
<use Notebook_Code_files/figure-latex/unnamed-chunk-25-1.pdf>
Package pdftex.def Info: Notebook_Code_files/figure-latex/unnamed-chunk-25-1.pd
f  used on input line 1687.
(pdftex.def)             Requested size: 469.75386pt x 325.2142pt.

Package xcolor Warning: Incompatible color definition on input line 1689.

[31]

Package xcolor Warning: Incompatible color definition on input line 1694.


Package xcolor Warning: Incompatible color definition on input line 1694.

<Notebook_Code_files/figure-latex/unnamed-chunk-26-1.pdf, id=279, 469.755pt x 3
25.215pt>
File: Notebook_Code_files/figure-latex/unnamed-chunk-26-1.pdf Graphic file (typ
e pdf)
<use Notebook_Code_files/figure-latex/unnamed-chunk-26-1.pdf>
Package pdftex.def Info: Notebook_Code_files/figure-latex/unnamed-chunk-26-1.pd
f  used on input line 1696.
(pdftex.def)             Requested size: 469.75386pt x 325.2142pt.

Package xcolor Warning: Incompatible color definition on input line 1698.

[32 <./Notebook_Code_files/figure-latex/unnamed-chunk-25-1.pdf>]

Package xcolor Warning: Incompatible color definition on input line 1702.


Package xcolor Warning: Incompatible color definition on input line 1702.


Package xcolor Warning: Incompatible color definition on input line 1719.


Package xcolor Warning: Incompatible color definition on input line 1723.


Package xcolor Warning: Incompatible color definition on input line 1723.

<Notebook_Code_files/figure-latex/unnamed-chunk-27-1.pdf, id=289, 469.755pt x 3
25.215pt>
File: Notebook_Code_files/figure-latex/unnamed-chunk-27-1.pdf Graphic file (typ
e pdf)
<use Notebook_Code_files/figure-latex/unnamed-chunk-27-1.pdf>
Package pdftex.def Info: Notebook_Code_files/figure-latex/unnamed-chunk-27-1.pd
f  used on input line 1725.
(pdftex.def)             Requested size: 469.75386pt x 325.2142pt.
[33 <./Notebook_Code_files/figure-latex/unnamed-chunk-26-1.pdf>]

Package xcolor Warning: Incompatible color definition on input line 1730.


Package xcolor Warning: Incompatible color definition on input line 1756.


Package xcolor Warning: Incompatible color definition on input line 1756.

[34 <./Notebook_Code_files/figure-latex/unnamed-chunk-27-1.pdf>]

Package xcolor Warning: Incompatible color definition on input line 1773.


Package xcolor Warning: Incompatible color definition on input line 1779.


Package xcolor Warning: Incompatible color definition on input line 1779.


Package xcolor Warning: Incompatible color definition on input line 1793.


Package xcolor Warning: Incompatible color definition on input line 1797.


Package xcolor Warning: Incompatible color definition on input line 1797.


Package xcolor Warning: Incompatible color definition on input line 1808.


Package xcolor Warning: Incompatible color definition on input line 1812.


Package xcolor Warning: Incompatible color definition on input line 1812.


Package xcolor Warning: Incompatible color definition on input line 1822.


Package xcolor Warning: Incompatible color definition on input line 1826.


Package xcolor Warning: Incompatible color definition on input line 1826.


Package xcolor Warning: Incompatible color definition on input line 1845.


Package xcolor Warning: Incompatible color definition on input line 1870.


Package xcolor Warning: Incompatible color definition on input line 1870.


Package xcolor Warning: Incompatible color definition on input line 1870.

[35]

Package xcolor Warning: Incompatible color definition on input line 1870.


Package xcolor Warning: Incompatible color definition on input line 1870.


Package xcolor Warning: Incompatible color definition on input line 1887.


Package xcolor Warning: Incompatible color definition on input line 1893.


Package xcolor Warning: Incompatible color definition on input line 1893.


Package xcolor Warning: Incompatible color definition on input line 1907.


Package xcolor Warning: Incompatible color definition on input line 1911.


Package xcolor Warning: Incompatible color definition on input line 1911.


Package xcolor Warning: Incompatible color definition on input line 1922.


Package xcolor Warning: Incompatible color definition on input line 1927.


Package xcolor Warning: Incompatible color definition on input line 1927.

[36]

Package xcolor Warning: Incompatible color definition on input line 1950.


Package xcolor Warning: Incompatible color definition on input line 1955.


Package xcolor Warning: Incompatible color definition on input line 1955.


Package xcolor Warning: Incompatible color definition on input line 1961.


Package xcolor Warning: Incompatible color definition on input line 1985.


Package xcolor Warning: Incompatible color definition on input line 1985.


Package xcolor Warning: Incompatible color definition on input line 1997.


Package xcolor Warning: Incompatible color definition on input line 2001.


Package xcolor Warning: Incompatible color definition on input line 2001.


Package xcolor Warning: Incompatible color definition on input line 2008.


Package xcolor Warning: Incompatible color definition on input line 2013.


Package xcolor Warning: Incompatible color definition on input line 2013.


Package xcolor Warning: Incompatible color definition on input line 2019.

[37]

Package xcolor Warning: Incompatible color definition on input line 2023.


Package xcolor Warning: Incompatible color definition on input line 2023.


Package xcolor Warning: Incompatible color definition on input line 2029.


Package xcolor Warning: Incompatible color definition on input line 2033.


Package xcolor Warning: Incompatible color definition on input line 2033.


Package xcolor Warning: Incompatible color definition on input line 2041.


Package xcolor Warning: Incompatible color definition on input line 2045.


Package xcolor Warning: Incompatible color definition on input line 2045.


Package xcolor Warning: Incompatible color definition on input line 2051.


Package xcolor Warning: Incompatible color definition on input line 2055.


Package xcolor Warning: Incompatible color definition on input line 2055.


Package xcolor Warning: Incompatible color definition on input line 2069.


Package xcolor Warning: Incompatible color definition on input line 2074.


Package xcolor Warning: Incompatible color definition on input line 2074.


Package xcolor Warning: Incompatible color definition on input line 2084.


Package xcolor Warning: Incompatible color definition on input line 2088.


Package xcolor Warning: Incompatible color definition on input line 2088.


Package xcolor Warning: Incompatible color definition on input line 2099.


Package xcolor Warning: Incompatible color definition on input line 2104.


Package xcolor Warning: Incompatible color definition on input line 2104.

[38]

Package xcolor Warning: Incompatible color definition on input line 2132.


Package xcolor Warning: Incompatible color definition on input line 2141.


Package xcolor Warning: Incompatible color definition on input line 2141.


Package xcolor Warning: Incompatible color definition on input line 2147.


Package xcolor Warning: Incompatible color definition on input line 2151.


Package xcolor Warning: Incompatible color definition on input line 2151.

<Notebook_Code_files/figure-latex/unnamed-chunk-31-1.pdf, id=326, 469.755pt x 3
25.215pt>
File: Notebook_Code_files/figure-latex/unnamed-chunk-31-1.pdf Graphic file (typ
e pdf)
<use Notebook_Code_files/figure-latex/unnamed-chunk-31-1.pdf>
Package pdftex.def Info: Notebook_Code_files/figure-latex/unnamed-chunk-31-1.pd
f  used on input line 2153.
(pdftex.def)             Requested size: 469.75386pt x 325.2142pt.

Package xcolor Warning: Incompatible color definition on input line 2155.


Package xcolor Warning: Incompatible color definition on input line 2187.


Package xcolor Warning: Incompatible color definition on input line 2187.


Package xcolor Warning: Incompatible color definition on input line 2187.

[39 <./Notebook_Code_files/figure-latex/unnamed-chunk-31-1.pdf>]

Package xcolor Warning: Incompatible color definition on input line 2187.


Package xcolor Warning: Incompatible color definition on input line 2187.

<Notebook_Code_files/figure-latex/unnamed-chunk-31-2.pdf, id=336, 469.755pt x 3
25.215pt>
File: Notebook_Code_files/figure-latex/unnamed-chunk-31-2.pdf Graphic file (typ
e pdf)
<use Notebook_Code_files/figure-latex/unnamed-chunk-31-2.pdf>
Package pdftex.def Info: Notebook_Code_files/figure-latex/unnamed-chunk-31-2.pd
f  used on input line 2189.
(pdftex.def)             Requested size: 469.75386pt x 325.2142pt.
<images/Full_Spearman_5.png, id=337, 959.08313pt x 956.82469pt>
File: images/Full_Spearman_5.png Graphic file (type png)
<use images/Full_Spearman_5.png>
Package pdftex.def Info: images/Full_Spearman_5.png  used on input line 2193.
(pdftex.def)             Requested size: 469.74997pt x 468.6438pt.

Package xcolor Warning: Incompatible color definition on input line 2201.


Package xcolor Warning: Incompatible color definition on input line 2207.


Package xcolor Warning: Incompatible color definition on input line 2207.


Underfull \vbox (badness 1609) detected at line 2207
 []


Package xcolor Warning: Incompatible color definition on input line 2207.

[40 <./Notebook_Code_files/figure-latex/unnamed-chunk-31-2.pdf>] [41pdfTeX warn
ing (ext4): destination with the same identifier (name{figure.1}) has been alre
ady used, duplicate ignored

\AtBegShi@Output ...ipout \box \AtBeginShipoutBox 
                                                  \fi \fi 
l.2207 \end{Shaded}
                    <./images/Full_Spearman_5.png>]

Package xcolor Warning: Incompatible color definition on input line 2207.


Package xcolor Warning: Incompatible color definition on input line 2207.


Package xcolor Warning: Incompatible color definition on input line 2241.


Package xcolor Warning: Incompatible color definition on input line 2245.


Package xcolor Warning: Incompatible color definition on input line 2245.

[42]

Package xcolor Warning: Incompatible color definition on input line 2316.


Package xcolor Warning: Incompatible color definition on input line 2325.


Package xcolor Warning: Incompatible color definition on input line 2325.

[43]
Package atveryend Info: Empty hook `BeforeClearDocument' on input line 2424.
[44]
Package atveryend Info: Empty hook `AfterLastShipout' on input line 2424.
(Notebook_Code.aux)
Package atveryend Info: Executing hook `AtVeryEndDocument' on input line 2424.
Package atveryend Info: Executing hook `AtEndAfterFileList' on input line 2424.

Package rerunfilecheck Info: File `Notebook_Code.out' has not changed.
(rerunfilecheck)             Checksum: D41D8CD98F00B204E9800998ECF8427E;0.
Package atveryend Info: Empty hook `AtVeryVeryEnd' on input line 2424.
 ) 
Here is how much of TeX's memory you used:
 14855 strings out of 481311
 223392 string characters out of 2917889
 519401 words of memory out of 3000000
 29954 multiletter control sequences out of 15000+200000
 553351 words of font info for 61 fonts, out of 3000000 for 9000
 1141 hyphenation exceptions out of 8191
 34i,6n,42p,978b,465s stack positions out of 5000i,500n,10000p,200000b,50000s
{C:/Program Files/MiKTeX 2.9/fonts/enc/dvips/lm/lm-rm.enc}{C:/Program Files/M
iKTeX 2.9/fonts/enc/dvips/lm/lm-mathit.enc}{C:/Program Files/MiKTeX 2.9/fonts/e
nc/dvips/lm/lm-ts1.enc}{C:/Program Files/MiKTeX 2.9/fonts/enc/dvips/lm/lm-ec.en
c}<C:/Program Files/MiKTeX 2.9/fonts/type1/public/lm/lmmi10.pfb><C:/Program Fil
es/MiKTeX 2.9/fonts/type1/public/lm/lmr10.pfb><C:/Program Files/MiKTeX 2.9/font
s/type1/public/lm/lmr17.pfb><C:/Program Files/MiKTeX 2.9/fonts/type1/public/lm/
lmr7.pfb><C:/Program Files/MiKTeX 2.9/fonts/type1/public/lm/lmtk10.pfb><C:/Prog
ram Files/MiKTeX 2.9/fonts/type1/public/lm/lmtt10.pfb><C:/Program Files/MiKTeX 
2.9/fonts/type1/public/lm/lmtti10.pfb>
Output written on Notebook_Code.pdf (44 pages, 1745223 bytes).
PDF statistics:
 410 PDF objects out of 1000 (max. 8388607)
 50 named destinations out of 1000 (max. 500000)
 4227 words of extra memory for PDF output out of 10000 (max. 10000000)


! pdflatex: major issue: So far, you have not checked for updates as a MiKTeX user.
